11-07 15:42 INFO     cuda:0
11-07 15:42 INFO     ####################################################################################################
11-07 15:42 INFO     Partitioning data
11-07 15:42 INFO     Data statistics: {0: {0: 280, 1: 247, 2: 261, 3: 247, 4: 245, 5: 271, 6: 242, 7: 223, 8: 255, 9: 263, 10: 239, 11: 256, 12: 248, 13: 254, 14: 243, 15: 260, 16: 246, 17: 262, 18: 237, 19: 238, 20: 242, 21: 248, 22: 259, 23: 258, 24: 250, 25: 259, 26: 255, 27: 272, 28: 253, 29: 237, 30: 249, 31: 258, 32: 246, 33: 257, 34: 259, 35: 254, 36: 237, 37: 251, 38: 243, 39: 262, 40: 265, 41: 234, 42: 247, 43: 234, 44: 253, 45: 238, 46: 255, 47: 280, 48: 252, 49: 237, 50: 236, 51: 248, 52: 257, 53: 251, 54: 261, 55: 252, 56: 242, 57: 255, 58: 240, 59: 248, 60: 246, 61: 244, 62: 261, 63: 260, 64: 260, 65: 266, 66: 229, 67: 250, 68: 259, 69: 226, 70: 270, 71: 275, 72: 226, 73: 240, 74: 224, 75: 258, 76: 255, 77: 228, 78: 244, 79: 238, 80: 254, 81: 226, 82: 257, 83: 238, 84: 282, 85: 263, 86: 262, 87: 224, 88: 252, 89: 244, 90: 257, 91: 253, 92: 233, 93: 245, 94: 251, 95: 239, 96: 229, 97: 269, 98: 258, 99: 254}, 1: {0: 220, 1: 253, 2: 239, 3: 253, 4: 255, 5: 229, 6: 258, 7: 277, 8: 245, 9: 237, 10: 261, 11: 244, 12: 252, 13: 246, 14: 257, 15: 240, 16: 254, 17: 238, 18: 263, 19: 262, 20: 258, 21: 252, 22: 241, 23: 242, 24: 250, 25: 241, 26: 245, 27: 228, 28: 247, 29: 263, 30: 251, 31: 242, 32: 254, 33: 243, 34: 241, 35: 246, 36: 263, 37: 249, 38: 257, 39: 238, 40: 235, 41: 266, 42: 253, 43: 266, 44: 247, 45: 262, 46: 245, 47: 220, 48: 248, 49: 263, 50: 264, 51: 252, 52: 243, 53: 249, 54: 239, 55: 248, 56: 258, 57: 245, 58: 260, 59: 252, 60: 254, 61: 256, 62: 239, 63: 240, 64: 240, 65: 234, 66: 271, 67: 250, 68: 241, 69: 274, 70: 230, 71: 225, 72: 274, 73: 260, 74: 276, 75: 242, 76: 245, 77: 272, 78: 256, 79: 262, 80: 246, 81: 274, 82: 243, 83: 262, 84: 218, 85: 237, 86: 238, 87: 276, 88: 248, 89: 256, 90: 243, 91: 247, 92: 267, 93: 255, 94: 249, 95: 261, 96: 271, 97: 231, 98: 242, 99: 246}}
11-07 15:42 INFO     Initializing nets
11-07 15:42 INFO     in comm round:0
11-07 15:42 INFO     Training network 0. n_training: 25000
11-07 15:43 INFO     Training network 0
11-07 15:43 INFO     n_training: 390
11-07 15:43 INFO     n_test: 313
11-07 15:44 INFO     >> Pre-Training Training accuracy: 0.010096153846153847
11-07 15:44 INFO     >> Pre-Training Test accuracy: 0.01
11-07 15:45 INFO     Epoch: 0 Loss: 4.505569
11-07 15:46 INFO     >> Training accuracy: 0.027364
11-07 15:46 INFO     >> Test accuracy: 0.026000
11-07 15:47 INFO     Epoch: 1 Loss: 4.333424
11-07 15:48 INFO     Epoch: 2 Loss: 4.170816
11-07 15:49 INFO     Epoch: 3 Loss: 4.096422
11-07 15:50 INFO     Epoch: 4 Loss: 3.956195
11-07 15:51 INFO     >> Training accuracy: 0.091867
11-07 15:51 INFO     >> Test accuracy: 0.084700
11-07 15:51 INFO      ** Training complete **
11-07 15:51 INFO     net 0 final test acc 0.084700
11-07 15:51 INFO     Training network 1. n_training: 25000
11-07 15:51 INFO     Training network 1
11-07 15:51 INFO     n_training: 390
11-07 15:51 INFO     n_test: 313
11-07 15:52 INFO     >> Pre-Training Training accuracy: 0.010256410256410256
11-07 15:52 INFO     >> Pre-Training Test accuracy: 0.01
11-07 15:53 INFO     Epoch: 0 Loss: 4.566491
11-07 15:54 INFO     >> Training accuracy: 0.022716
11-07 15:54 INFO     >> Test accuracy: 0.020300
11-07 15:56 INFO     Epoch: 1 Loss: 4.462117
11-07 15:57 INFO     Epoch: 2 Loss: 4.310100
11-07 15:58 INFO     Epoch: 3 Loss: 4.150007
11-07 15:59 INFO     Epoch: 4 Loss: 4.047555
11-07 15:59 INFO     >> Training accuracy: 0.070353
11-07 15:59 INFO     >> Test accuracy: 0.063700
11-07 15:59 INFO      ** Training complete **
11-07 15:59 INFO     net 1 final test acc 0.063700
11-07 15:59 INFO     global n_test: 313
11-07 16:00 INFO     >> Global Model Train accuracy: 0.010003
11-07 16:00 INFO     >> Global Model Test accuracy: 0.010000
11-07 16:00 INFO     >> Global Model Train loss: 4.676166
11-07 16:00 INFO     in comm round:1
11-07 16:00 INFO     Training network 0. n_training: 25000
11-07 16:01 INFO     Training network 0
11-07 16:01 INFO     n_training: 390
11-07 16:01 INFO     n_test: 313
11-07 16:01 INFO     >> Pre-Training Training accuracy: 0.00985576923076923
11-07 16:01 INFO     >> Pre-Training Test accuracy: 0.01
11-07 16:02 INFO     Epoch: 0 Loss: 4.007720
11-07 16:03 INFO     >> Training accuracy: 0.110577
11-07 16:03 INFO     >> Test accuracy: 0.111000
11-07 16:04 INFO     Epoch: 1 Loss: 3.792669
11-07 16:04 INFO     Epoch: 2 Loss: 3.647713
11-07 16:05 INFO     Epoch: 3 Loss: 3.585241
11-07 16:06 INFO     Epoch: 4 Loss: 3.488814
11-07 16:07 INFO     >> Training accuracy: 0.185096
11-07 16:07 INFO     >> Test accuracy: 0.185600
11-07 16:07 INFO      ** Training complete **
11-07 16:07 INFO     net 0 final test acc 0.185600
11-07 16:07 INFO     Training network 1. n_training: 25000
11-07 16:07 INFO     Training network 1
11-07 16:07 INFO     n_training: 390
11-07 16:07 INFO     n_test: 313
11-07 16:07 INFO     >> Pre-Training Training accuracy: 0.010176282051282052
11-07 16:07 INFO     >> Pre-Training Test accuracy: 0.01
11-07 16:08 INFO     Epoch: 0 Loss: 4.113019
11-07 16:09 INFO     >> Training accuracy: 0.075321
11-07 16:09 INFO     >> Test accuracy: 0.069800
11-07 16:10 INFO     Epoch: 1 Loss: 3.927227
11-07 16:11 INFO     Epoch: 2 Loss: 3.730463
11-07 16:11 INFO     Epoch: 3 Loss: 3.700449
11-07 16:12 INFO     Epoch: 4 Loss: 3.569762
11-07 16:13 INFO     >> Training accuracy: 0.168710
11-07 16:13 INFO     >> Test accuracy: 0.186000
11-07 16:13 INFO      ** Training complete **
11-07 16:13 INFO     net 1 final test acc 0.186000
11-07 16:13 INFO     global n_test: 313
11-07 16:14 INFO     >> Global Model Train accuracy: 0.059099
11-07 16:14 INFO     >> Global Model Test accuracy: 0.064400
11-07 16:14 INFO     >> Global Model Train loss: 4.253354
11-07 16:14 INFO     in comm round:2
11-07 16:14 INFO     Training network 0. n_training: 25000
11-07 16:14 INFO     Training network 0
11-07 16:14 INFO     n_training: 390
11-07 16:14 INFO     n_test: 313
11-07 16:15 INFO     >> Pre-Training Training accuracy: 0.06125801282051282
11-07 16:15 INFO     >> Pre-Training Test accuracy: 0.0644
11-07 16:16 INFO     Epoch: 0 Loss: 3.652134
11-07 16:16 INFO     >> Training accuracy: 0.173157
11-07 16:16 INFO     >> Test accuracy: 0.159100
11-07 16:17 INFO     Epoch: 1 Loss: 3.483251
11-07 16:18 INFO     Epoch: 2 Loss: 3.337351
11-07 16:19 INFO     Epoch: 3 Loss: 3.239813
11-07 16:20 INFO     Epoch: 4 Loss: 3.147940
11-07 16:20 INFO     >> Training accuracy: 0.260617
11-07 16:20 INFO     >> Test accuracy: 0.257900
11-07 16:20 INFO      ** Training complete **
11-07 16:20 INFO     net 0 final test acc 0.257900
11-07 16:20 INFO     Training network 1. n_training: 25000
11-07 16:20 INFO     Training network 1
11-07 16:20 INFO     n_training: 390
11-07 16:20 INFO     n_test: 313
11-07 16:21 INFO     >> Pre-Training Training accuracy: 0.05961538461538462
11-07 16:21 INFO     >> Pre-Training Test accuracy: 0.0644
11-07 16:22 INFO     Epoch: 0 Loss: 3.696400
11-07 16:22 INFO     >> Training accuracy: 0.131811
11-07 16:22 INFO     >> Test accuracy: 0.141800
11-07 16:23 INFO     Epoch: 1 Loss: 3.575492
11-07 16:24 INFO     Epoch: 2 Loss: 3.449651
11-07 16:25 INFO     Epoch: 3 Loss: 3.284750
11-07 16:26 INFO     Epoch: 4 Loss: 3.262741
11-07 16:26 INFO     >> Training accuracy: 0.227324
11-07 16:26 INFO     >> Test accuracy: 0.241500
11-07 16:26 INFO      ** Training complete **
11-07 16:26 INFO     net 1 final test acc 0.241500
11-07 16:26 INFO     global n_test: 313
11-07 16:27 INFO     >> Global Model Train accuracy: 0.068662
11-07 16:27 INFO     >> Global Model Test accuracy: 0.085600
11-07 16:27 INFO     >> Global Model Train loss: 4.322457
11-07 16:27 INFO     in comm round:3
11-07 16:27 INFO     Training network 0. n_training: 25000
11-07 16:27 INFO     Training network 0
11-07 16:27 INFO     n_training: 390
11-07 16:27 INFO     n_test: 313
11-07 16:28 INFO     >> Pre-Training Training accuracy: 0.06907051282051282
11-07 16:28 INFO     >> Pre-Training Test accuracy: 0.0856
11-07 16:29 INFO     Epoch: 0 Loss: 3.122316
11-07 16:30 INFO     >> Training accuracy: 0.270393
11-07 16:30 INFO     >> Test accuracy: 0.264200
11-07 16:31 INFO     Epoch: 1 Loss: 3.032630
11-07 16:31 INFO     Epoch: 2 Loss: 3.172082
11-07 16:32 INFO     Epoch: 3 Loss: 2.953129
11-07 16:33 INFO     Epoch: 4 Loss: 2.803115
11-07 16:34 INFO     >> Training accuracy: 0.316827
11-07 16:34 INFO     >> Test accuracy: 0.305800
11-07 16:34 INFO      ** Training complete **
11-07 16:34 INFO     net 0 final test acc 0.305800
11-07 16:34 INFO     Training network 1. n_training: 25000
11-07 16:34 INFO     Training network 1
11-07 16:34 INFO     n_training: 390
11-07 16:34 INFO     n_test: 313
11-07 16:34 INFO     >> Pre-Training Training accuracy: 0.06706730769230769
11-07 16:34 INFO     >> Pre-Training Test accuracy: 0.0856
11-07 16:35 INFO     Epoch: 0 Loss: 3.148744
11-07 16:36 INFO     >> Training accuracy: 0.271995
11-07 16:36 INFO     >> Test accuracy: 0.265900
11-07 16:37 INFO     Epoch: 1 Loss: 3.027716
11-07 16:38 INFO     Epoch: 2 Loss: 3.238240
11-07 16:38 INFO     Epoch: 3 Loss: 3.049282
11-07 16:39 INFO     Epoch: 4 Loss: 2.922641
11-07 16:40 INFO     >> Training accuracy: 0.302444
11-07 16:40 INFO     >> Test accuracy: 0.310700
11-07 16:40 INFO      ** Training complete **
11-07 16:40 INFO     net 1 final test acc 0.310700
11-07 16:40 INFO     global n_test: 313
11-07 16:41 INFO     >> Global Model Train accuracy: 0.218130
11-07 16:41 INFO     >> Global Model Test accuracy: 0.257200
11-07 16:41 INFO     >> Global Model Train loss: 3.191105
11-07 16:41 INFO     in comm round:4
11-07 16:41 INFO     Training network 0. n_training: 25000
11-07 16:41 INFO     Training network 0
11-07 16:41 INFO     n_training: 390
11-07 16:41 INFO     n_test: 313
11-07 16:42 INFO     >> Pre-Training Training accuracy: 0.22123397435897435
11-07 16:42 INFO     >> Pre-Training Test accuracy: 0.2572
11-07 16:43 INFO     Epoch: 0 Loss: 2.781871
11-07 16:43 INFO     >> Training accuracy: 0.332853
11-07 16:43 INFO     >> Test accuracy: 0.338400
11-07 16:44 INFO     Epoch: 1 Loss: 2.715395
11-07 16:45 INFO     Epoch: 2 Loss: 2.662470
11-07 16:46 INFO     Epoch: 3 Loss: 2.962834
11-07 16:47 INFO     Epoch: 4 Loss: 2.659961
11-07 16:47 INFO     >> Training accuracy: 0.389503
11-07 16:47 INFO     >> Test accuracy: 0.355000
11-07 16:47 INFO      ** Training complete **
11-07 16:47 INFO     net 0 final test acc 0.355000
11-07 16:47 INFO     Training network 1. n_training: 25000
11-07 16:47 INFO     Training network 1
11-07 16:47 INFO     n_training: 390
11-07 16:47 INFO     n_test: 313
11-07 16:48 INFO     >> Pre-Training Training accuracy: 0.21682692307692308
11-07 16:48 INFO     >> Pre-Training Test accuracy: 0.2572
11-07 16:49 INFO     Epoch: 0 Loss: 2.852206
11-07 16:49 INFO     >> Training accuracy: 0.334095
11-07 16:49 INFO     >> Test accuracy: 0.328000
11-07 16:50 INFO     Epoch: 1 Loss: 2.766163
11-07 16:51 INFO     Epoch: 2 Loss: 2.682637
11-07 16:52 INFO     Epoch: 3 Loss: 2.575507
11-07 16:53 INFO     Epoch: 4 Loss: 2.497173
11-07 16:53 INFO     >> Training accuracy: 0.399880
11-07 16:53 INFO     >> Test accuracy: 0.379000
11-07 16:53 INFO      ** Training complete **
11-07 16:53 INFO     net 1 final test acc 0.379000
11-07 16:53 INFO     global n_test: 313
11-07 16:54 INFO     >> Global Model Train accuracy: 0.296275
11-07 16:54 INFO     >> Global Model Test accuracy: 0.328100
11-07 16:54 INFO     >> Global Model Train loss: 2.767015
11-07 16:54 INFO     in comm round:5
11-07 16:54 INFO     Training network 0. n_training: 25000
11-07 16:55 INFO     Training network 0
11-07 16:55 INFO     n_training: 390
11-07 16:55 INFO     n_test: 313
11-07 16:55 INFO     >> Pre-Training Training accuracy: 0.29875801282051284
11-07 16:55 INFO     >> Pre-Training Test accuracy: 0.3281
11-07 16:56 INFO     Epoch: 0 Loss: 2.658570
11-07 16:57 INFO     >> Training accuracy: 0.330769
11-07 16:57 INFO     >> Test accuracy: 0.344200
11-07 16:58 INFO     Epoch: 1 Loss: 2.597845
11-07 16:58 INFO     Epoch: 2 Loss: 2.477136
11-07 16:59 INFO     Epoch: 3 Loss: 2.412635
11-07 17:00 INFO     Epoch: 4 Loss: 2.358230
11-07 17:01 INFO     >> Training accuracy: 0.411619
11-07 17:01 INFO     >> Test accuracy: 0.393900
11-07 17:01 INFO      ** Training complete **
11-07 17:01 INFO     net 0 final test acc 0.393900
11-07 17:01 INFO     Training network 1. n_training: 25000
11-07 17:01 INFO     Training network 1
11-07 17:01 INFO     n_training: 390
11-07 17:01 INFO     n_test: 313
11-07 17:02 INFO     >> Pre-Training Training accuracy: 0.2903044871794872
11-07 17:02 INFO     >> Pre-Training Test accuracy: 0.3281
11-07 17:03 INFO     Epoch: 0 Loss: 2.486329
11-07 17:04 INFO     >> Training accuracy: 0.404888
11-07 17:04 INFO     >> Test accuracy: 0.389700
11-07 17:05 INFO     Epoch: 1 Loss: 2.415566
11-07 17:06 INFO     Epoch: 2 Loss: 2.495005
11-07 17:07 INFO     Epoch: 3 Loss: 2.734678
11-07 17:08 INFO     Epoch: 4 Loss: 2.381123
11-07 17:09 INFO     >> Training accuracy: 0.436458
11-07 17:09 INFO     >> Test accuracy: 0.405600
11-07 17:09 INFO      ** Training complete **
11-07 17:09 INFO     net 1 final test acc 0.405600
11-07 17:09 INFO     global n_test: 313
11-07 17:10 INFO     >> Global Model Train accuracy: 0.243978
11-07 17:10 INFO     >> Global Model Test accuracy: 0.281600
11-07 17:10 INFO     >> Global Model Train loss: 3.249774
11-07 17:10 INFO     in comm round:6
11-07 17:10 INFO     Training network 0. n_training: 25000
11-07 17:11 INFO     Training network 0
11-07 17:11 INFO     n_training: 390
11-07 17:11 INFO     n_test: 313
11-07 17:11 INFO     >> Pre-Training Training accuracy: 0.24294871794871795
11-07 17:11 INFO     >> Pre-Training Test accuracy: 0.2816
11-07 17:13 INFO     Epoch: 0 Loss: 2.342449
11-07 17:14 INFO     >> Training accuracy: 0.380809
11-07 17:14 INFO     >> Test accuracy: 0.394800
11-07 17:15 INFO     Epoch: 1 Loss: 2.346567
11-07 17:15 INFO     Epoch: 2 Loss: 2.218273
11-07 17:16 INFO     Epoch: 3 Loss: 2.145185
11-07 17:17 INFO     Epoch: 4 Loss: 2.091531
11-07 17:18 INFO     >> Training accuracy: 0.499840
11-07 17:18 INFO     >> Test accuracy: 0.451300
11-07 17:18 INFO      ** Training complete **
11-07 17:18 INFO     net 0 final test acc 0.451300
11-07 17:18 INFO     Training network 1. n_training: 25000
11-07 17:18 INFO     Training network 1
11-07 17:18 INFO     n_training: 390
11-07 17:18 INFO     n_test: 313
11-07 17:19 INFO     >> Pre-Training Training accuracy: 0.245713141025641
11-07 17:19 INFO     >> Pre-Training Test accuracy: 0.2816
11-07 17:20 INFO     Epoch: 0 Loss: 2.509023
11-07 17:21 INFO     >> Training accuracy: 0.410857
11-07 17:21 INFO     >> Test accuracy: 0.401400
11-07 17:22 INFO     Epoch: 1 Loss: 2.675589
11-07 17:23 INFO     Epoch: 2 Loss: 2.460558
11-07 17:24 INFO     Epoch: 3 Loss: 2.292458
11-07 17:26 INFO     Epoch: 4 Loss: 2.312841
11-07 17:27 INFO     >> Training accuracy: 0.427204
11-07 17:27 INFO     >> Test accuracy: 0.402600
11-07 17:27 INFO      ** Training complete **
11-07 17:27 INFO     net 1 final test acc 0.402600
11-07 17:27 INFO     global n_test: 313
11-07 17:28 INFO     >> Global Model Train accuracy: 0.431178
11-07 17:28 INFO     >> Global Model Test accuracy: 0.433500
11-07 17:28 INFO     >> Global Model Train loss: 2.203623
11-07 17:29 INFO     in comm round:7
11-07 17:29 INFO     Training network 0. n_training: 25000
11-07 17:29 INFO     Training network 0
11-07 17:29 INFO     n_training: 390
11-07 17:29 INFO     n_test: 313
11-07 17:30 INFO     >> Pre-Training Training accuracy: 0.4327724358974359
11-07 17:30 INFO     >> Pre-Training Test accuracy: 0.4335
11-07 17:31 INFO     Epoch: 0 Loss: 2.239145
11-07 17:32 INFO     >> Training accuracy: 0.476082
11-07 17:32 INFO     >> Test accuracy: 0.449400
11-07 17:32 INFO     Epoch: 1 Loss: 2.215364
11-07 17:34 INFO     Epoch: 2 Loss: 2.261678
11-07 17:35 INFO     Epoch: 3 Loss: 2.236282
11-07 17:36 INFO     Epoch: 4 Loss: 2.136393
11-07 17:37 INFO     >> Training accuracy: 0.498397
11-07 17:37 INFO     >> Test accuracy: 0.438500
11-07 17:37 INFO      ** Training complete **
11-07 17:37 INFO     net 0 final test acc 0.438500
11-07 17:37 INFO     Training network 1. n_training: 25000
11-07 17:37 INFO     Training network 1
11-07 17:37 INFO     n_training: 390
11-07 17:37 INFO     n_test: 313
11-07 17:38 INFO     >> Pre-Training Training accuracy: 0.43149038461538464
11-07 17:38 INFO     >> Pre-Training Test accuracy: 0.4335
11-07 17:39 INFO     Epoch: 0 Loss: 2.930485
11-07 17:40 INFO     >> Training accuracy: 0.309455
11-07 17:40 INFO     >> Test accuracy: 0.302900
11-07 17:41 INFO     Epoch: 1 Loss: 2.640546
11-07 17:43 INFO     Epoch: 2 Loss: 2.734454
11-07 17:44 INFO     Epoch: 3 Loss: 2.559540
11-07 17:45 INFO     Epoch: 4 Loss: 2.813174
11-07 17:46 INFO     >> Training accuracy: 0.324439
11-07 17:46 INFO     >> Test accuracy: 0.326900
11-07 17:46 INFO      ** Training complete **
11-07 17:46 INFO     net 1 final test acc 0.326900
11-07 17:46 INFO     global n_test: 313
11-07 17:47 INFO     >> Global Model Train accuracy: 0.084407
11-07 17:47 INFO     >> Global Model Test accuracy: 0.104100
11-07 17:47 INFO     >> Global Model Train loss: 4.970752
11-07 17:47 INFO     in comm round:8
11-07 17:47 INFO     Training network 0. n_training: 25000
11-07 17:47 INFO     Training network 0
11-07 17:47 INFO     n_training: 390
11-07 17:47 INFO     n_test: 313
11-07 17:48 INFO     >> Pre-Training Training accuracy: 0.08461538461538462
11-07 17:48 INFO     >> Pre-Training Test accuracy: 0.1041
11-07 17:49 INFO     Epoch: 0 Loss: 2.312601
11-07 17:50 INFO     >> Training accuracy: 0.413742
11-07 17:50 INFO     >> Test accuracy: 0.390800
11-07 17:51 INFO     Epoch: 1 Loss: 2.617044
11-07 17:52 INFO     Epoch: 2 Loss: 2.374194
11-07 17:54 INFO     Epoch: 3 Loss: 2.353057
11-07 17:55 INFO     Epoch: 4 Loss: 2.164385
11-07 17:56 INFO     >> Training accuracy: 0.419071
11-07 17:56 INFO     >> Test accuracy: 0.403400
11-07 17:56 INFO      ** Training complete **
11-07 17:56 INFO     net 0 final test acc 0.403400
11-07 17:56 INFO     Training network 1. n_training: 25000
11-07 17:56 INFO     Training network 1
11-07 17:56 INFO     n_training: 390
11-07 17:56 INFO     n_test: 313
11-07 17:57 INFO     >> Pre-Training Training accuracy: 0.08269230769230769
11-07 17:57 INFO     >> Pre-Training Test accuracy: 0.1041
11-07 17:59 INFO     Epoch: 0 Loss: 2.430582
11-07 17:59 INFO     >> Training accuracy: 0.386138
11-07 17:59 INFO     >> Test accuracy: 0.374500
11-07 18:00 INFO     Epoch: 1 Loss: 2.409274
11-07 18:01 INFO     Epoch: 2 Loss: 2.408163
11-07 18:02 INFO     Epoch: 3 Loss: 2.232184
11-07 18:03 INFO     Epoch: 4 Loss: 2.104278
11-07 18:04 INFO     >> Training accuracy: 0.459335
11-07 18:04 INFO     >> Test accuracy: 0.424600
11-07 18:04 INFO      ** Training complete **
11-07 18:04 INFO     net 1 final test acc 0.424600
11-07 18:04 INFO     global n_test: 313
11-07 18:05 INFO     >> Global Model Train accuracy: 0.467370
11-07 18:05 INFO     >> Global Model Test accuracy: 0.464600
11-07 18:05 INFO     >> Global Model Train loss: 2.007191
11-07 18:06 INFO     in comm round:9
11-07 18:06 INFO     Training network 0. n_training: 25000
11-07 18:06 INFO     Training network 0
11-07 18:06 INFO     n_training: 390
11-07 18:06 INFO     n_test: 313
11-07 18:07 INFO     >> Pre-Training Training accuracy: 0.4667467948717949
11-07 18:07 INFO     >> Pre-Training Test accuracy: 0.4646
11-07 18:08 INFO     Epoch: 0 Loss: 2.205571
11-07 18:09 INFO     >> Training accuracy: 0.359776
11-07 18:09 INFO     >> Test accuracy: 0.400700
11-07 18:11 INFO     Epoch: 1 Loss: 2.220103
11-07 18:12 INFO     Epoch: 2 Loss: 2.131729
11-07 18:13 INFO     Epoch: 3 Loss: 1.915555
11-07 18:14 INFO     Epoch: 4 Loss: 2.331669
11-07 18:15 INFO     >> Training accuracy: 0.503365
11-07 18:15 INFO     >> Test accuracy: 0.445200
11-07 18:15 INFO      ** Training complete **
11-07 18:15 INFO     net 0 final test acc 0.445200
11-07 18:15 INFO     Training network 1. n_training: 25000
11-07 18:15 INFO     Training network 1
11-07 18:15 INFO     n_training: 390
11-07 18:15 INFO     n_test: 313
11-07 18:17 INFO     >> Pre-Training Training accuracy: 0.46197916666666666
11-07 18:17 INFO     >> Pre-Training Test accuracy: 0.4646
11-07 18:18 INFO     Epoch: 0 Loss: 2.262399
11-07 18:19 INFO     >> Training accuracy: 0.398758
11-07 18:19 INFO     >> Test accuracy: 0.417300
11-07 18:21 INFO     Epoch: 1 Loss: 2.231156
11-07 18:22 INFO     Epoch: 2 Loss: 2.198267
11-07 18:24 INFO     Epoch: 3 Loss: 2.033711
11-07 18:25 INFO     Epoch: 4 Loss: 2.001670
11-07 18:27 INFO     >> Training accuracy: 0.537300
11-07 18:27 INFO     >> Test accuracy: 0.496000
11-07 18:27 INFO      ** Training complete **
11-07 18:27 INFO     net 1 final test acc 0.496000
11-07 18:27 INFO     global n_test: 313
11-07 18:29 INFO     >> Global Model Train accuracy: 0.450184
11-07 18:29 INFO     >> Global Model Test accuracy: 0.447600
11-07 18:29 INFO     >> Global Model Train loss: 2.144057
11-07 18:29 INFO     in comm round:10
11-07 18:29 INFO     Training network 0. n_training: 25000
11-07 18:29 INFO     Training network 0
11-07 18:29 INFO     n_training: 390
11-07 18:29 INFO     n_test: 313
11-07 18:31 INFO     >> Pre-Training Training accuracy: 0.451963141025641
11-07 18:31 INFO     >> Pre-Training Test accuracy: 0.4476
11-07 18:33 INFO     Epoch: 0 Loss: 2.064063
11-07 18:34 INFO     >> Training accuracy: 0.527564
11-07 18:34 INFO     >> Test accuracy: 0.459200
11-07 18:35 INFO     Epoch: 1 Loss: 2.010931
11-07 18:36 INFO     Epoch: 2 Loss: 2.099587
11-07 18:38 INFO     Epoch: 3 Loss: 1.993353
11-07 18:39 INFO     Epoch: 4 Loss: 1.878703
11-07 18:41 INFO     >> Training accuracy: 0.579487
11-07 18:41 INFO     >> Test accuracy: 0.497600
11-07 18:41 INFO      ** Training complete **
11-07 18:41 INFO     net 0 final test acc 0.497600
11-07 18:41 INFO     Training network 1. n_training: 25000
11-07 18:41 INFO     Training network 1
11-07 18:41 INFO     n_training: 390
11-07 18:41 INFO     n_test: 313
11-07 18:42 INFO     >> Pre-Training Training accuracy: 0.4468349358974359
11-07 18:42 INFO     >> Pre-Training Test accuracy: 0.4476
11-07 18:44 INFO     Epoch: 0 Loss: 2.151440
11-07 18:45 INFO     >> Training accuracy: 0.432091
11-07 18:45 INFO     >> Test accuracy: 0.376900
11-07 18:47 INFO     Epoch: 1 Loss: 2.022419
11-07 18:48 INFO     Epoch: 2 Loss: 1.917685
11-07 18:50 INFO     Epoch: 3 Loss: 1.906251
11-07 18:52 INFO     Epoch: 4 Loss: 1.921088
11-07 18:53 INFO     >> Training accuracy: 0.576442
11-07 18:53 INFO     >> Test accuracy: 0.503500
11-07 18:53 INFO      ** Training complete **
11-07 18:53 INFO     net 1 final test acc 0.503500
11-07 18:53 INFO     global n_test: 313
11-07 18:55 INFO     >> Global Model Train accuracy: 0.601152
11-07 18:55 INFO     >> Global Model Test accuracy: 0.555700
11-07 18:55 INFO     >> Global Model Train loss: 1.410816
11-07 18:55 INFO     in comm round:11
11-07 18:55 INFO     Training network 0. n_training: 25000
11-07 18:55 INFO     Training network 0
11-07 18:55 INFO     n_training: 390
11-07 18:55 INFO     n_test: 313
11-07 18:56 INFO     >> Pre-Training Training accuracy: 0.607051282051282
11-07 18:56 INFO     >> Pre-Training Test accuracy: 0.5557
11-07 18:57 INFO     Epoch: 0 Loss: 1.965791
11-07 18:59 INFO     >> Training accuracy: 0.522596
11-07 18:59 INFO     >> Test accuracy: 0.479200
11-07 19:00 INFO     Epoch: 1 Loss: 2.054314
11-07 19:02 INFO     Epoch: 2 Loss: 2.136293
11-07 19:03 INFO     Epoch: 3 Loss: 2.258244
11-07 19:05 INFO     Epoch: 4 Loss: 2.103237
11-07 19:06 INFO     >> Training accuracy: 0.521554
11-07 19:06 INFO     >> Test accuracy: 0.476400
11-07 19:06 INFO      ** Training complete **
11-07 19:06 INFO     net 0 final test acc 0.476400
11-07 19:06 INFO     Training network 1. n_training: 25000
11-07 19:06 INFO     Training network 1
11-07 19:06 INFO     n_training: 390
11-07 19:06 INFO     n_test: 313
11-07 19:08 INFO     >> Pre-Training Training accuracy: 0.5967948717948718
11-07 19:08 INFO     >> Pre-Training Test accuracy: 0.5557
11-07 19:09 INFO     Epoch: 0 Loss: 1.994871
11-07 19:11 INFO     >> Training accuracy: 0.531971
11-07 19:11 INFO     >> Test accuracy: 0.479500
11-07 19:12 INFO     Epoch: 1 Loss: 2.104726
11-07 19:14 INFO     Epoch: 2 Loss: 2.160255
11-07 19:15 INFO     Epoch: 3 Loss: 2.269749
11-07 19:17 INFO     Epoch: 4 Loss: 2.243006
11-07 19:18 INFO     >> Training accuracy: 0.487660
11-07 19:18 INFO     >> Test accuracy: 0.441800
11-07 19:18 INFO      ** Training complete **
11-07 19:18 INFO     net 1 final test acc 0.441800
11-07 19:18 INFO     global n_test: 313
11-07 19:20 INFO     >> Global Model Train accuracy: 0.564581
11-07 19:20 INFO     >> Global Model Test accuracy: 0.529600
11-07 19:20 INFO     >> Global Model Train loss: 1.596740
11-07 19:20 INFO     in comm round:12
11-07 19:20 INFO     Training network 0. n_training: 25000
11-07 19:20 INFO     Training network 0
11-07 19:20 INFO     n_training: 390
11-07 19:20 INFO     n_test: 313
11-07 19:21 INFO     >> Pre-Training Training accuracy: 0.5698717948717948
11-07 19:21 INFO     >> Pre-Training Test accuracy: 0.5296
11-07 19:23 INFO     Epoch: 0 Loss: 2.073469
11-07 19:24 INFO     >> Training accuracy: 0.564463
11-07 19:24 INFO     >> Test accuracy: 0.509100
11-07 19:26 INFO     Epoch: 1 Loss: 1.871347
11-07 19:27 INFO     Epoch: 2 Loss: 1.993858
11-07 19:29 INFO     Epoch: 3 Loss: 1.886392
11-07 19:31 INFO     Epoch: 4 Loss: 1.998580
11-07 19:32 INFO     >> Training accuracy: 0.514583
11-07 19:32 INFO     >> Test accuracy: 0.452300
11-07 19:32 INFO      ** Training complete **
11-07 19:32 INFO     net 0 final test acc 0.452300
11-07 19:32 INFO     Training network 1. n_training: 25000
11-07 19:32 INFO     Training network 1
11-07 19:32 INFO     n_training: 390
11-07 19:32 INFO     n_test: 313
11-07 19:33 INFO     >> Pre-Training Training accuracy: 0.5615384615384615
11-07 19:33 INFO     >> Pre-Training Test accuracy: 0.5296
11-07 19:35 INFO     Epoch: 0 Loss: 2.122897
11-07 19:36 INFO     >> Training accuracy: 0.508894
11-07 19:36 INFO     >> Test accuracy: 0.464600
11-07 19:37 INFO     Epoch: 1 Loss: 2.154970
11-07 19:39 INFO     Epoch: 2 Loss: 2.119281
11-07 19:40 INFO     Epoch: 3 Loss: 1.962241
11-07 19:42 INFO     Epoch: 4 Loss: 1.913760
11-07 19:43 INFO     >> Training accuracy: 0.518630
11-07 19:43 INFO     >> Test accuracy: 0.455800
11-07 19:43 INFO      ** Training complete **
11-07 19:43 INFO     net 1 final test acc 0.455800
11-07 19:43 INFO     global n_test: 313
11-07 19:46 INFO     >> Global Model Train accuracy: 0.578385
11-07 19:46 INFO     >> Global Model Test accuracy: 0.530200
11-07 19:46 INFO     >> Global Model Train loss: 1.540830
11-07 19:46 INFO     in comm round:13
11-07 19:46 INFO     Training network 0. n_training: 25000
11-07 19:46 INFO     Training network 0
11-07 19:46 INFO     n_training: 390
11-07 19:46 INFO     n_test: 313
11-07 19:47 INFO     >> Pre-Training Training accuracy: 0.5847756410256411
11-07 19:47 INFO     >> Pre-Training Test accuracy: 0.5302
11-07 19:49 INFO     Epoch: 0 Loss: 1.910923
11-07 19:50 INFO     >> Training accuracy: 0.530609
11-07 19:50 INFO     >> Test accuracy: 0.471800
11-07 19:52 INFO     Epoch: 1 Loss: 2.045294
11-07 19:53 INFO     Epoch: 2 Loss: 1.990460
11-07 19:55 INFO     Epoch: 3 Loss: 1.979237
11-07 19:56 INFO     Epoch: 4 Loss: 2.119967
11-07 19:57 INFO     >> Training accuracy: 0.532772
11-07 19:57 INFO     >> Test accuracy: 0.449500
11-07 19:57 INFO      ** Training complete **
11-07 19:57 INFO     net 0 final test acc 0.449500
11-07 19:57 INFO     Training network 1. n_training: 25000
11-07 19:57 INFO     Training network 1
11-07 19:57 INFO     n_training: 390
11-07 19:57 INFO     n_test: 313
11-07 19:59 INFO     >> Pre-Training Training accuracy: 0.5770432692307692
11-07 19:59 INFO     >> Pre-Training Test accuracy: 0.5302
11-07 20:00 INFO     Epoch: 0 Loss: 1.959720
11-07 20:01 INFO     >> Training accuracy: 0.546234
11-07 20:01 INFO     >> Test accuracy: 0.491700
11-07 20:03 INFO     Epoch: 1 Loss: 2.058261
11-07 20:05 INFO     Epoch: 2 Loss: 2.054972
11-07 20:06 INFO     Epoch: 3 Loss: 1.959722
11-07 20:08 INFO     Epoch: 4 Loss: 1.936105
11-07 20:09 INFO     >> Training accuracy: 0.421514
11-07 20:09 INFO     >> Test accuracy: 0.368400
11-07 20:09 INFO      ** Training complete **
11-07 20:09 INFO     net 1 final test acc 0.368400
11-07 20:09 INFO     global n_test: 313
11-07 20:12 INFO     >> Global Model Train accuracy: 0.595571
11-07 20:12 INFO     >> Global Model Test accuracy: 0.550000
11-07 20:12 INFO     >> Global Model Train loss: 1.453828
11-07 20:12 INFO     in comm round:14
11-07 20:12 INFO     Training network 0. n_training: 25000
11-07 20:12 INFO     Training network 0
11-07 20:12 INFO     n_training: 390
11-07 20:12 INFO     n_test: 313
11-07 20:13 INFO     >> Pre-Training Training accuracy: 0.600040064102564
11-07 20:13 INFO     >> Pre-Training Test accuracy: 0.55
11-07 20:14 INFO     Epoch: 0 Loss: 2.100592
11-07 20:15 INFO     >> Training accuracy: 0.538101
11-07 20:15 INFO     >> Test accuracy: 0.474200
11-07 20:16 INFO     Epoch: 1 Loss: 2.027066
11-07 20:17 INFO     Epoch: 2 Loss: 1.618201
11-07 20:19 INFO     Epoch: 3 Loss: 1.403243
11-07 20:20 INFO     Epoch: 4 Loss: 1.320047
11-07 20:21 INFO     >> Training accuracy: 0.690705
11-07 20:21 INFO     >> Test accuracy: 0.540800
11-07 20:21 INFO      ** Training complete **
11-07 20:21 INFO     net 0 final test acc 0.540800
11-07 20:21 INFO     Training network 1. n_training: 25000
11-07 20:21 INFO     Training network 1
11-07 20:21 INFO     n_training: 390
11-07 20:21 INFO     n_test: 313
11-07 20:22 INFO     >> Pre-Training Training accuracy: 0.591786858974359
11-07 20:22 INFO     >> Pre-Training Test accuracy: 0.55
11-07 20:23 INFO     Epoch: 0 Loss: 2.037234
11-07 20:24 INFO     >> Training accuracy: 0.565024
11-07 20:24 INFO     >> Test accuracy: 0.506500
11-07 20:26 INFO     Epoch: 1 Loss: 2.007981
11-07 20:27 INFO     Epoch: 2 Loss: 1.941568
11-07 20:28 INFO     Epoch: 3 Loss: 1.881543
11-07 20:29 INFO     Epoch: 4 Loss: 1.498717
11-07 20:30 INFO     >> Training accuracy: 0.646635
11-07 20:30 INFO     >> Test accuracy: 0.533800
11-07 20:30 INFO      ** Training complete **
11-07 20:30 INFO     net 1 final test acc 0.533800
11-07 20:30 INFO     global n_test: 313
11-07 20:32 INFO     >> Global Model Train accuracy: 0.674276
11-07 20:32 INFO     >> Global Model Test accuracy: 0.589900
11-07 20:32 INFO     >> Global Model Train loss: 1.136387
11-07 20:32 INFO     in comm round:15
11-07 20:32 INFO     Training network 0. n_training: 25000
11-07 20:32 INFO     Training network 0
11-07 20:32 INFO     n_training: 390
11-07 20:32 INFO     n_test: 313
11-07 20:33 INFO     >> Pre-Training Training accuracy: 0.6789663461538461
11-07 20:33 INFO     >> Pre-Training Test accuracy: 0.5899
11-07 20:35 INFO     Epoch: 0 Loss: 1.352792
11-07 20:36 INFO     >> Training accuracy: 0.677604
11-07 20:36 INFO     >> Test accuracy: 0.557100
11-07 20:37 INFO     Epoch: 1 Loss: 1.261135
11-07 20:38 INFO     Epoch: 2 Loss: 1.205076
11-07 20:40 INFO     Epoch: 3 Loss: 1.185744
11-07 20:41 INFO     Epoch: 4 Loss: 1.126883
11-07 20:42 INFO     >> Training accuracy: 0.731290
11-07 20:42 INFO     >> Test accuracy: 0.553200
11-07 20:42 INFO      ** Training complete **
11-07 20:42 INFO     net 0 final test acc 0.553200
11-07 20:42 INFO     Training network 1. n_training: 25000
11-07 20:43 INFO     Training network 1
11-07 20:43 INFO     n_training: 390
11-07 20:43 INFO     n_test: 313
11-07 20:44 INFO     >> Pre-Training Training accuracy: 0.6707932692307692
11-07 20:44 INFO     >> Pre-Training Test accuracy: 0.5899
11-07 20:45 INFO     Epoch: 0 Loss: 1.395827
11-07 20:47 INFO     >> Training accuracy: 0.671915
11-07 20:47 INFO     >> Test accuracy: 0.561500
11-07 20:48 INFO     Epoch: 1 Loss: 1.311862
11-07 20:50 INFO     Epoch: 2 Loss: 1.259606
11-07 20:51 INFO     Epoch: 3 Loss: 1.195778
11-07 20:53 INFO     Epoch: 4 Loss: 1.146454
11-07 20:54 INFO     >> Training accuracy: 0.728526
11-07 20:54 INFO     >> Test accuracy: 0.561300
11-07 20:54 INFO      ** Training complete **
11-07 20:54 INFO     net 1 final test acc 0.561300
11-07 20:54 INFO     global n_test: 313
11-07 20:56 INFO     >> Global Model Train accuracy: 0.732915
11-07 20:56 INFO     >> Global Model Test accuracy: 0.617900
11-07 20:56 INFO     >> Global Model Train loss: 0.903266
11-07 20:56 INFO     in comm round:16
11-07 20:56 INFO     Training network 0. n_training: 25000
11-07 20:56 INFO     Training network 0
11-07 20:56 INFO     n_training: 390
11-07 20:56 INFO     n_test: 313
11-07 20:57 INFO     >> Pre-Training Training accuracy: 0.7398237179487179
11-07 20:57 INFO     >> Pre-Training Test accuracy: 0.6179
11-07 20:59 INFO     Epoch: 0 Loss: 1.153819
11-07 21:00 INFO     >> Training accuracy: 0.728365
11-07 21:00 INFO     >> Test accuracy: 0.573500
11-07 21:01 INFO     Epoch: 1 Loss: 1.123893
11-07 21:03 INFO     Epoch: 2 Loss: 1.078458
11-07 21:04 INFO     Epoch: 3 Loss: 1.049280
11-07 21:06 INFO     Epoch: 4 Loss: 1.008724
11-07 21:07 INFO     >> Training accuracy: 0.764383
11-07 21:07 INFO     >> Test accuracy: 0.562600
11-07 21:07 INFO      ** Training complete **
11-07 21:07 INFO     net 0 final test acc 0.562600
11-07 21:07 INFO     Training network 1. n_training: 25000
11-07 21:07 INFO     Training network 1
11-07 21:07 INFO     n_training: 390
11-07 21:07 INFO     n_test: 313
11-07 21:08 INFO     >> Pre-Training Training accuracy: 0.7286858974358974
11-07 21:08 INFO     >> Pre-Training Test accuracy: 0.6179
11-07 21:10 INFO     Epoch: 0 Loss: 1.198159
11-07 21:12 INFO     >> Training accuracy: 0.701562
11-07 21:12 INFO     >> Test accuracy: 0.559300
11-07 21:13 INFO     Epoch: 1 Loss: 1.149720
11-07 21:15 INFO     Epoch: 2 Loss: 1.100309
11-07 21:17 INFO     Epoch: 3 Loss: 1.066202
11-07 21:18 INFO     Epoch: 4 Loss: 1.027376
11-07 21:19 INFO     >> Training accuracy: 0.764784
11-07 21:19 INFO     >> Test accuracy: 0.562700
11-07 21:19 INFO      ** Training complete **
11-07 21:19 INFO     net 1 final test acc 0.562700
11-07 21:19 INFO     global n_test: 313
11-07 21:21 INFO     >> Global Model Train accuracy: 0.765065
11-07 21:21 INFO     >> Global Model Test accuracy: 0.627700
11-07 21:21 INFO     >> Global Model Train loss: 0.787063
11-07 21:21 INFO     in comm round:17
11-07 21:21 INFO     Training network 0. n_training: 25000
11-07 21:21 INFO     Training network 0
11-07 21:21 INFO     n_training: 390
11-07 21:21 INFO     n_test: 313
11-07 21:23 INFO     >> Pre-Training Training accuracy: 0.7688701923076923
11-07 21:23 INFO     >> Pre-Training Test accuracy: 0.6277
11-07 21:24 INFO     Epoch: 0 Loss: 1.058660
11-07 21:25 INFO     >> Training accuracy: 0.754447
11-07 21:25 INFO     >> Test accuracy: 0.573900
11-07 21:27 INFO     Epoch: 1 Loss: 1.009852
11-07 21:28 INFO     Epoch: 2 Loss: 0.950895
11-07 21:30 INFO     Epoch: 3 Loss: 0.938374
11-07 21:31 INFO     Epoch: 4 Loss: 0.913509
11-07 21:33 INFO     >> Training accuracy: 0.787861
11-07 21:33 INFO     >> Test accuracy: 0.565900
11-07 21:33 INFO      ** Training complete **
11-07 21:33 INFO     net 0 final test acc 0.565900
11-07 21:33 INFO     Training network 1. n_training: 25000
11-07 21:33 INFO     Training network 1
11-07 21:33 INFO     n_training: 390
11-07 21:33 INFO     n_test: 313
11-07 21:34 INFO     >> Pre-Training Training accuracy: 0.7598958333333333
11-07 21:34 INFO     >> Pre-Training Test accuracy: 0.6277
11-07 21:35 INFO     Epoch: 0 Loss: 1.082679
11-07 21:37 INFO     >> Training accuracy: 0.734135
11-07 21:37 INFO     >> Test accuracy: 0.573200
11-07 21:38 INFO     Epoch: 1 Loss: 1.042786
11-07 21:40 INFO     Epoch: 2 Loss: 0.998961
11-07 21:41 INFO     Epoch: 3 Loss: 0.953729
11-07 21:43 INFO     Epoch: 4 Loss: 0.945226
11-07 21:44 INFO     >> Training accuracy: 0.793029
11-07 21:44 INFO     >> Test accuracy: 0.578000
11-07 21:44 INFO      ** Training complete **
11-07 21:44 INFO     net 1 final test acc 0.578000
11-07 21:44 INFO     global n_test: 313
11-07 21:46 INFO     >> Global Model Train accuracy: 0.791133
11-07 21:46 INFO     >> Global Model Test accuracy: 0.633800
11-07 21:46 INFO     >> Global Model Train loss: 0.688811
11-07 21:46 INFO     in comm round:18
11-07 21:46 INFO     Training network 0. n_training: 25000
11-07 21:46 INFO     Training network 0
11-07 21:46 INFO     n_training: 390
11-07 21:46 INFO     n_test: 313
11-07 21:47 INFO     >> Pre-Training Training accuracy: 0.7973157051282052
11-07 21:47 INFO     >> Pre-Training Test accuracy: 0.6338
11-07 21:49 INFO     Epoch: 0 Loss: 0.952783
11-07 21:50 INFO     >> Training accuracy: 0.787941
11-07 21:50 INFO     >> Test accuracy: 0.583400
11-07 21:52 INFO     Epoch: 1 Loss: 0.901576
11-07 21:53 INFO     Epoch: 2 Loss: 0.875646
11-07 21:55 INFO     Epoch: 3 Loss: 0.869448
11-07 21:57 INFO     Epoch: 4 Loss: 0.854240
11-07 21:58 INFO     >> Training accuracy: 0.796915
11-07 21:58 INFO     >> Test accuracy: 0.564500
11-07 21:58 INFO      ** Training complete **
11-07 21:58 INFO     net 0 final test acc 0.564500
11-07 21:58 INFO     Training network 1. n_training: 25000
11-07 21:58 INFO     Training network 1
11-07 21:58 INFO     n_training: 390
11-07 21:58 INFO     n_test: 313
11-07 21:59 INFO     >> Pre-Training Training accuracy: 0.7882211538461539
11-07 21:59 INFO     >> Pre-Training Test accuracy: 0.6338
11-07 22:01 INFO     Epoch: 0 Loss: 0.972610
11-07 22:02 INFO     >> Training accuracy: 0.747957
11-07 22:02 INFO     >> Test accuracy: 0.569000
11-07 22:04 INFO     Epoch: 1 Loss: 0.951712
11-07 22:05 INFO     Epoch: 2 Loss: 0.894588
11-07 22:07 INFO     Epoch: 3 Loss: 0.892922
11-07 22:08 INFO     Epoch: 4 Loss: 0.880731
11-07 22:09 INFO     >> Training accuracy: 0.795353
11-07 22:09 INFO     >> Test accuracy: 0.567200
11-07 22:09 INFO      ** Training complete **
11-07 22:09 INFO     net 1 final test acc 0.567200
11-07 22:09 INFO     global n_test: 313
11-07 22:11 INFO     >> Global Model Train accuracy: 0.811200
11-07 22:11 INFO     >> Global Model Test accuracy: 0.635700
11-07 22:11 INFO     >> Global Model Train loss: 0.617449
11-07 22:11 INFO     in comm round:19
11-07 22:11 INFO     Training network 0. n_training: 25000
11-07 22:11 INFO     Training network 0
11-07 22:11 INFO     n_training: 390
11-07 22:11 INFO     n_test: 313
11-07 22:13 INFO     >> Pre-Training Training accuracy: 0.8141025641025641
11-07 22:13 INFO     >> Pre-Training Test accuracy: 0.6357
11-07 22:14 INFO     Epoch: 0 Loss: 0.865483
11-07 22:15 INFO     >> Training accuracy: 0.776242
11-07 22:15 INFO     >> Test accuracy: 0.572500
11-07 22:17 INFO     Epoch: 1 Loss: 0.851582
11-07 22:18 INFO     Epoch: 2 Loss: 0.814250
11-07 22:20 INFO     Epoch: 3 Loss: 0.790008
11-07 22:21 INFO     Epoch: 4 Loss: 0.770335
11-07 22:23 INFO     >> Training accuracy: 0.825481
11-07 22:23 INFO     >> Test accuracy: 0.564500
11-07 22:23 INFO      ** Training complete **
11-07 22:23 INFO     net 0 final test acc 0.564500
11-07 22:23 INFO     Training network 1. n_training: 25000
11-07 22:23 INFO     Training network 1
11-07 22:23 INFO     n_training: 390
11-07 22:23 INFO     n_test: 313
11-07 22:24 INFO     >> Pre-Training Training accuracy: 0.8096554487179487
11-07 22:24 INFO     >> Pre-Training Test accuracy: 0.6357
11-07 22:25 INFO     Epoch: 0 Loss: 0.891209
11-07 22:27 INFO     >> Training accuracy: 0.789583
11-07 22:27 INFO     >> Test accuracy: 0.583200
11-07 22:28 INFO     Epoch: 1 Loss: 0.868712
11-07 22:30 INFO     Epoch: 2 Loss: 0.845408
11-07 22:32 INFO     Epoch: 3 Loss: 0.809002
11-07 22:33 INFO     Epoch: 4 Loss: 0.797515
11-07 22:35 INFO     >> Training accuracy: 0.807572
11-07 22:35 INFO     >> Test accuracy: 0.562500
11-07 22:35 INFO      ** Training complete **
11-07 22:35 INFO     net 1 final test acc 0.562500
11-07 22:35 INFO     global n_test: 313
11-07 22:37 INFO     >> Global Model Train accuracy: 0.834167
11-07 22:37 INFO     >> Global Model Test accuracy: 0.640400
11-07 22:37 INFO     >> Global Model Train loss: 0.542767
11-07 22:37 INFO     in comm round:20
11-07 22:37 INFO     Training network 0. n_training: 25000
11-07 22:37 INFO     Training network 0
11-07 22:37 INFO     n_training: 390
11-07 22:37 INFO     n_test: 313
11-07 22:38 INFO     >> Pre-Training Training accuracy: 0.8370993589743589
11-07 22:38 INFO     >> Pre-Training Test accuracy: 0.6404
11-07 22:40 INFO     Epoch: 0 Loss: 0.791998
11-07 22:41 INFO     >> Training accuracy: 0.815425
11-07 22:41 INFO     >> Test accuracy: 0.585800
11-07 22:42 INFO     Epoch: 1 Loss: 0.751955
11-07 22:44 INFO     Epoch: 2 Loss: 0.749720
11-07 22:45 INFO     Epoch: 3 Loss: 0.732947
11-07 22:47 INFO     Epoch: 4 Loss: 0.695508
11-07 22:48 INFO     >> Training accuracy: 0.847796
11-07 22:48 INFO     >> Test accuracy: 0.567500
11-07 22:48 INFO      ** Training complete **
11-07 22:48 INFO     net 0 final test acc 0.567500
11-07 22:48 INFO     Training network 1. n_training: 25000
11-07 22:48 INFO     Training network 1
11-07 22:48 INFO     n_training: 390
11-07 22:48 INFO     n_test: 313
11-07 22:49 INFO     >> Pre-Training Training accuracy: 0.8306089743589744
11-07 22:49 INFO     >> Pre-Training Test accuracy: 0.6404
11-07 22:51 INFO     Epoch: 0 Loss: 0.819773
11-07 22:52 INFO     >> Training accuracy: 0.817829
11-07 22:52 INFO     >> Test accuracy: 0.592900
11-07 22:54 INFO     Epoch: 1 Loss: 0.815225
11-07 22:55 INFO     Epoch: 2 Loss: 0.762077
11-07 22:57 INFO     Epoch: 3 Loss: 0.753572
11-07 22:58 INFO     Epoch: 4 Loss: 0.728867
11-07 22:59 INFO     >> Training accuracy: 0.836819
11-07 22:59 INFO     >> Test accuracy: 0.566200
11-07 22:59 INFO      ** Training complete **
11-07 22:59 INFO     net 1 final test acc 0.566200
11-07 22:59 INFO     global n_test: 313
11-07 23:01 INFO     >> Global Model Train accuracy: 0.855334
11-07 23:01 INFO     >> Global Model Test accuracy: 0.639000
11-07 23:01 INFO     >> Global Model Train loss: 0.463638
11-07 23:01 INFO     in comm round:21
11-07 23:01 INFO     Training network 0. n_training: 25000
11-07 23:01 INFO     Training network 0
11-07 23:01 INFO     n_training: 390
11-07 23:01 INFO     n_test: 313
11-07 23:03 INFO     >> Pre-Training Training accuracy: 0.8572916666666667
11-07 23:03 INFO     >> Pre-Training Test accuracy: 0.639
11-07 23:04 INFO     Epoch: 0 Loss: 0.710417
11-07 23:05 INFO     >> Training accuracy: 0.842909
11-07 23:05 INFO     >> Test accuracy: 0.591000
11-07 23:07 INFO     Epoch: 1 Loss: 0.708344
11-07 23:08 INFO     Epoch: 2 Loss: 0.710988
11-07 23:10 INFO     Epoch: 3 Loss: 0.676423
11-07 23:12 INFO     Epoch: 4 Loss: 0.676949
11-07 23:13 INFO     >> Training accuracy: 0.861739
11-07 23:13 INFO     >> Test accuracy: 0.580700
11-07 23:13 INFO      ** Training complete **
11-07 23:13 INFO     net 0 final test acc 0.580700
11-07 23:13 INFO     Training network 1. n_training: 25000
11-07 23:13 INFO     Training network 1
11-07 23:13 INFO     n_training: 390
11-07 23:13 INFO     n_test: 313
11-07 23:15 INFO     >> Pre-Training Training accuracy: 0.8512820512820513
11-07 23:15 INFO     >> Pre-Training Test accuracy: 0.639
11-07 23:16 INFO     Epoch: 0 Loss: 0.734850
11-07 23:18 INFO     >> Training accuracy: 0.829287
11-07 23:18 INFO     >> Test accuracy: 0.583500
11-07 23:19 INFO     Epoch: 1 Loss: 0.734014
11-07 23:21 INFO     Epoch: 2 Loss: 0.708973
11-07 23:22 INFO     Epoch: 3 Loss: 0.702418
11-07 23:24 INFO     Epoch: 4 Loss: 0.678773
11-07 23:25 INFO     >> Training accuracy: 0.832772
11-07 23:25 INFO     >> Test accuracy: 0.557500
11-07 23:25 INFO      ** Training complete **
11-07 23:25 INFO     net 1 final test acc 0.557500
11-07 23:25 INFO     global n_test: 313
11-07 23:27 INFO     >> Global Model Train accuracy: 0.869378
11-07 23:27 INFO     >> Global Model Test accuracy: 0.637300
11-07 23:27 INFO     >> Global Model Train loss: 0.420621
11-07 23:27 INFO     in comm round:22
11-07 23:27 INFO     Training network 0. n_training: 25000
11-07 23:27 INFO     Training network 0
11-07 23:27 INFO     n_training: 390
11-07 23:27 INFO     n_test: 313
11-07 23:28 INFO     >> Pre-Training Training accuracy: 0.8701522435897436
11-07 23:28 INFO     >> Pre-Training Test accuracy: 0.6373
11-07 23:30 INFO     Epoch: 0 Loss: 0.659047
11-07 23:31 INFO     >> Training accuracy: 0.851482
11-07 23:31 INFO     >> Test accuracy: 0.591600
11-07 23:32 INFO     Epoch: 1 Loss: 0.651158
11-07 23:34 INFO     Epoch: 2 Loss: 0.629806
11-07 23:35 INFO     Epoch: 3 Loss: 0.643038
11-07 23:37 INFO     Epoch: 4 Loss: 0.613920
11-07 23:38 INFO     >> Training accuracy: 0.868470
11-07 23:38 INFO     >> Test accuracy: 0.572300
11-07 23:38 INFO      ** Training complete **
11-07 23:38 INFO     net 0 final test acc 0.572300
11-07 23:38 INFO     Training network 1. n_training: 25000
11-07 23:38 INFO     Training network 1
11-07 23:38 INFO     n_training: 390
11-07 23:38 INFO     n_test: 313
11-07 23:39 INFO     >> Pre-Training Training accuracy: 0.8689503205128205
11-07 23:39 INFO     >> Pre-Training Test accuracy: 0.6373
11-07 23:41 INFO     Epoch: 0 Loss: 0.674374
11-07 23:42 INFO     >> Training accuracy: 0.844752
11-07 23:42 INFO     >> Test accuracy: 0.588000
11-07 23:44 INFO     Epoch: 1 Loss: 0.675342
11-07 23:45 INFO     Epoch: 2 Loss: 0.649784
11-07 23:47 INFO     Epoch: 3 Loss: 0.649069
11-07 23:48 INFO     Epoch: 4 Loss: 0.627617
11-07 23:49 INFO     >> Training accuracy: 0.859856
11-07 23:49 INFO     >> Test accuracy: 0.571000
11-07 23:49 INFO      ** Training complete **
11-07 23:49 INFO     net 1 final test acc 0.571000
11-07 23:49 INFO     global n_test: 313
11-07 23:51 INFO     >> Global Model Train accuracy: 0.885563
11-07 23:51 INFO     >> Global Model Test accuracy: 0.640200
11-07 23:51 INFO     >> Global Model Train loss: 0.363053
11-07 23:52 INFO     in comm round:23
11-07 23:52 INFO     Training network 0. n_training: 25000
11-07 23:52 INFO     Training network 0
11-07 23:52 INFO     n_training: 390
11-07 23:52 INFO     n_test: 313
11-07 23:53 INFO     >> Pre-Training Training accuracy: 0.8909455128205128
11-07 23:53 INFO     >> Pre-Training Test accuracy: 0.6402
11-07 23:55 INFO     Epoch: 0 Loss: 0.602161
11-07 23:56 INFO     >> Training accuracy: 0.867989
11-07 23:56 INFO     >> Test accuracy: 0.582200
11-07 23:58 INFO     Epoch: 1 Loss: 0.604582
11-07 23:59 INFO     Epoch: 2 Loss: 0.596084
11-08 00:01 INFO     Epoch: 3 Loss: 0.595542
11-08 00:02 INFO     Epoch: 4 Loss: 0.581941
11-08 00:04 INFO     >> Training accuracy: 0.879447
11-08 00:04 INFO     >> Test accuracy: 0.573800
11-08 00:04 INFO      ** Training complete **
11-08 00:04 INFO     net 0 final test acc 0.573800
11-08 00:04 INFO     Training network 1. n_training: 25000
11-08 00:04 INFO     Training network 1
11-08 00:04 INFO     n_training: 390
11-08 00:04 INFO     n_test: 313
11-08 00:05 INFO     >> Pre-Training Training accuracy: 0.8813301282051282
11-08 00:05 INFO     >> Pre-Training Test accuracy: 0.6402
11-08 00:06 INFO     Epoch: 0 Loss: 0.608610
11-08 00:08 INFO     >> Training accuracy: 0.854006
11-08 00:08 INFO     >> Test accuracy: 0.585100
11-08 00:09 INFO     Epoch: 1 Loss: 0.598599
11-08 00:11 INFO     Epoch: 2 Loss: 0.603636
11-08 00:12 INFO     Epoch: 3 Loss: 0.611072
11-08 00:13 INFO     Epoch: 4 Loss: 0.595719
11-08 00:14 INFO     >> Training accuracy: 0.874159
11-08 00:14 INFO     >> Test accuracy: 0.582700
11-08 00:14 INFO      ** Training complete **
11-08 00:14 INFO     net 1 final test acc 0.582700
11-08 00:14 INFO     global n_test: 313
11-08 00:16 INFO     >> Global Model Train accuracy: 0.899728
11-08 00:16 INFO     >> Global Model Test accuracy: 0.647900
11-08 00:16 INFO     >> Global Model Train loss: 0.312658
11-08 00:16 INFO     in comm round:24
11-08 00:16 INFO     Training network 0. n_training: 25000
11-08 00:16 INFO     Training network 0
11-08 00:16 INFO     n_training: 390
11-08 00:16 INFO     n_test: 313
11-08 00:17 INFO     >> Pre-Training Training accuracy: 0.9030448717948718
11-08 00:17 INFO     >> Pre-Training Test accuracy: 0.6479
11-08 00:18 INFO     Epoch: 0 Loss: 0.538783
11-08 00:20 INFO     >> Training accuracy: 0.886899
11-08 00:20 INFO     >> Test accuracy: 0.602100
11-08 00:21 INFO     Epoch: 1 Loss: 0.565572
11-08 00:22 INFO     Epoch: 2 Loss: 0.549336
11-08 00:23 INFO     Epoch: 3 Loss: 0.533236
11-08 00:24 INFO     Epoch: 4 Loss: 0.522524
11-08 00:25 INFO     >> Training accuracy: 0.893189
11-08 00:25 INFO     >> Test accuracy: 0.578200
11-08 00:25 INFO      ** Training complete **
11-08 00:25 INFO     net 0 final test acc 0.578200
11-08 00:25 INFO     Training network 1. n_training: 25000
11-08 00:25 INFO     Training network 1
11-08 00:25 INFO     n_training: 390
11-08 00:25 INFO     n_test: 313
11-08 00:26 INFO     >> Pre-Training Training accuracy: 0.8961538461538462
11-08 00:26 INFO     >> Pre-Training Test accuracy: 0.6479
11-08 00:28 INFO     Epoch: 0 Loss: 0.573158
11-08 00:29 INFO     >> Training accuracy: 0.869351
11-08 00:29 INFO     >> Test accuracy: 0.588400
11-08 00:30 INFO     Epoch: 1 Loss: 0.543995
11-08 00:31 INFO     Epoch: 2 Loss: 0.554657
11-08 00:32 INFO     Epoch: 3 Loss: 0.538845
11-08 00:33 INFO     Epoch: 4 Loss: 0.541851
11-08 00:34 INFO     >> Training accuracy: 0.876923
11-08 00:34 INFO     >> Test accuracy: 0.577900
11-08 00:34 INFO      ** Training complete **
11-08 00:34 INFO     net 1 final test acc 0.577900
11-08 00:34 INFO     global n_test: 313
11-08 00:35 INFO     >> Global Model Train accuracy: 0.910011
11-08 00:35 INFO     >> Global Model Test accuracy: 0.644400
11-08 00:35 INFO     >> Global Model Train loss: 0.285053
11-08 00:35 INFO     in comm round:25
11-08 00:35 INFO     Training network 0. n_training: 25000
11-08 00:36 INFO     Training network 0
11-08 00:36 INFO     n_training: 390
11-08 00:36 INFO     n_test: 313
11-08 00:36 INFO     >> Pre-Training Training accuracy: 0.9084134615384616
11-08 00:36 INFO     >> Pre-Training Test accuracy: 0.6444
11-08 00:38 INFO     Epoch: 0 Loss: 0.499874
11-08 00:39 INFO     >> Training accuracy: 0.879207
11-08 00:39 INFO     >> Test accuracy: 0.593700
11-08 00:40 INFO     Epoch: 1 Loss: 0.526439
11-08 00:41 INFO     Epoch: 2 Loss: 0.514862
11-08 00:42 INFO     Epoch: 3 Loss: 0.497893
11-08 00:43 INFO     Epoch: 4 Loss: 0.497086
11-08 00:44 INFO     >> Training accuracy: 0.890104
11-08 00:44 INFO     >> Test accuracy: 0.581200
11-08 00:44 INFO      ** Training complete **
11-08 00:44 INFO     net 0 final test acc 0.581200
11-08 00:44 INFO     Training network 1. n_training: 25000
11-08 00:44 INFO     Training network 1
11-08 00:44 INFO     n_training: 390
11-08 00:44 INFO     n_test: 313
11-08 00:45 INFO     >> Pre-Training Training accuracy: 0.90625
11-08 00:45 INFO     >> Pre-Training Test accuracy: 0.6444
11-08 00:46 INFO     Epoch: 0 Loss: 0.509923
11-08 00:47 INFO     >> Training accuracy: 0.879327
11-08 00:47 INFO     >> Test accuracy: 0.588700
11-08 00:48 INFO     Epoch: 1 Loss: 0.524030
11-08 00:49 INFO     Epoch: 2 Loss: 0.513244
11-08 00:50 INFO     Epoch: 3 Loss: 0.517591
11-08 00:51 INFO     Epoch: 4 Loss: 0.493001
11-08 00:53 INFO     >> Training accuracy: 0.895513
11-08 00:53 INFO     >> Test accuracy: 0.580200
11-08 00:53 INFO      ** Training complete **
11-08 00:53 INFO     net 1 final test acc 0.580200
11-08 00:53 INFO     global n_test: 313
11-08 00:54 INFO     >> Global Model Train accuracy: 0.918874
11-08 00:54 INFO     >> Global Model Test accuracy: 0.650500
11-08 00:54 INFO     >> Global Model Train loss: 0.253288
11-08 00:54 INFO     in comm round:26
11-08 00:54 INFO     Training network 0. n_training: 25000
11-08 00:54 INFO     Training network 0
11-08 00:54 INFO     n_training: 390
11-08 00:54 INFO     n_test: 313
11-08 00:55 INFO     >> Pre-Training Training accuracy: 0.9211538461538461
11-08 00:55 INFO     >> Pre-Training Test accuracy: 0.6505
11-08 00:57 INFO     Epoch: 0 Loss: 0.448519
11-08 00:58 INFO     >> Training accuracy: 0.895793
11-08 00:58 INFO     >> Test accuracy: 0.595100
11-08 00:59 INFO     Epoch: 1 Loss: 0.473503
11-08 01:00 INFO     Epoch: 2 Loss: 0.479386
11-08 01:01 INFO     Epoch: 3 Loss: 0.474506
11-08 01:02 INFO     Epoch: 4 Loss: 0.478241
11-08 01:03 INFO     >> Training accuracy: 0.894271
11-08 01:03 INFO     >> Test accuracy: 0.577800
11-08 01:03 INFO      ** Training complete **
11-08 01:03 INFO     net 0 final test acc 0.577800
11-08 01:03 INFO     Training network 1. n_training: 25000
11-08 01:03 INFO     Training network 1
11-08 01:03 INFO     n_training: 390
11-08 01:03 INFO     n_test: 313
11-08 01:04 INFO     >> Pre-Training Training accuracy: 0.9189503205128206
11-08 01:04 INFO     >> Pre-Training Test accuracy: 0.6505
11-08 01:05 INFO     Epoch: 0 Loss: 0.461885
11-08 01:06 INFO     >> Training accuracy: 0.890625
11-08 01:06 INFO     >> Test accuracy: 0.588000
11-08 01:07 INFO     Epoch: 1 Loss: 0.494046
11-08 01:08 INFO     Epoch: 2 Loss: 0.488710
11-08 01:09 INFO     Epoch: 3 Loss: 0.482543
11-08 01:10 INFO     Epoch: 4 Loss: 0.479224
11-08 01:11 INFO     >> Training accuracy: 0.901482
11-08 01:11 INFO     >> Test accuracy: 0.581600
11-08 01:11 INFO      ** Training complete **
11-08 01:11 INFO     net 1 final test acc 0.581600
11-08 01:11 INFO     global n_test: 313
11-08 01:13 INFO     >> Global Model Train accuracy: 0.926637
11-08 01:13 INFO     >> Global Model Test accuracy: 0.649800
11-08 01:13 INFO     >> Global Model Train loss: 0.237355
11-08 01:13 INFO     in comm round:27
11-08 01:13 INFO     Training network 0. n_training: 25000
11-08 01:13 INFO     Training network 0
11-08 01:13 INFO     n_training: 390
11-08 01:13 INFO     n_test: 313
11-08 01:14 INFO     >> Pre-Training Training accuracy: 0.9235176282051282
11-08 01:14 INFO     >> Pre-Training Test accuracy: 0.6498
11-08 01:15 INFO     Epoch: 0 Loss: 0.405874
11-08 01:16 INFO     >> Training accuracy: 0.918349
11-08 01:16 INFO     >> Test accuracy: 0.601700
11-08 01:17 INFO     Epoch: 1 Loss: 0.436013
11-08 01:18 INFO     Epoch: 2 Loss: 0.456083
11-08 01:19 INFO     Epoch: 3 Loss: 0.454211
11-08 01:21 INFO     Epoch: 4 Loss: 0.468515
11-08 01:22 INFO     >> Training accuracy: 0.905569
11-08 01:22 INFO     >> Test accuracy: 0.570500
11-08 01:22 INFO      ** Training complete **
11-08 01:22 INFO     net 0 final test acc 0.570500
11-08 01:22 INFO     Training network 1. n_training: 25000
11-08 01:22 INFO     Training network 1
11-08 01:22 INFO     n_training: 390
11-08 01:22 INFO     n_test: 313
11-08 01:23 INFO     >> Pre-Training Training accuracy: 0.9250400641025641
11-08 01:23 INFO     >> Pre-Training Test accuracy: 0.6498
11-08 01:24 INFO     Epoch: 0 Loss: 0.413783
11-08 01:25 INFO     >> Training accuracy: 0.908173
11-08 01:25 INFO     >> Test accuracy: 0.604500
11-08 01:26 INFO     Epoch: 1 Loss: 0.456264
11-08 01:27 INFO     Epoch: 2 Loss: 0.455224
11-08 01:28 INFO     Epoch: 3 Loss: 0.469815
11-08 01:29 INFO     Epoch: 4 Loss: 0.454497
11-08 01:30 INFO     >> Training accuracy: 0.907091
11-08 01:30 INFO     >> Test accuracy: 0.586200
11-08 01:30 INFO      ** Training complete **
11-08 01:30 INFO     net 1 final test acc 0.586200
11-08 01:30 INFO     global n_test: 313
11-08 01:31 INFO     >> Global Model Train accuracy: 0.937200
11-08 01:31 INFO     >> Global Model Test accuracy: 0.648400
11-08 01:31 INFO     >> Global Model Train loss: 0.194012
11-08 01:31 INFO     in comm round:28
11-08 01:31 INFO     Training network 0. n_training: 25000
11-08 01:32 INFO     Training network 0
11-08 01:32 INFO     n_training: 390
11-08 01:32 INFO     n_test: 313
11-08 01:32 INFO     >> Pre-Training Training accuracy: 0.9372596153846153
11-08 01:32 INFO     >> Pre-Training Test accuracy: 0.6484
11-08 01:34 INFO     Epoch: 0 Loss: 0.361314
11-08 01:34 INFO     >> Training accuracy: 0.921915
11-08 01:34 INFO     >> Test accuracy: 0.612600
11-08 01:36 INFO     Epoch: 1 Loss: 0.412720
11-08 01:37 INFO     Epoch: 2 Loss: 0.412101
11-08 01:38 INFO     Epoch: 3 Loss: 0.415834
11-08 01:39 INFO     Epoch: 4 Loss: 0.414631
11-08 01:40 INFO     >> Training accuracy: 0.912220
11-08 01:40 INFO     >> Test accuracy: 0.580800
11-08 01:40 INFO      ** Training complete **
11-08 01:40 INFO     net 0 final test acc 0.580800
11-08 01:40 INFO     Training network 1. n_training: 25000
11-08 01:40 INFO     Training network 1
11-08 01:40 INFO     n_training: 390
11-08 01:40 INFO     n_test: 313
11-08 01:41 INFO     >> Pre-Training Training accuracy: 0.9378205128205128
11-08 01:41 INFO     >> Pre-Training Test accuracy: 0.6484
11-08 01:42 INFO     Epoch: 0 Loss: 0.396077
11-08 01:43 INFO     >> Training accuracy: 0.910817
11-08 01:43 INFO     >> Test accuracy: 0.599500
11-08 01:44 INFO     Epoch: 1 Loss: 0.412142
11-08 01:45 INFO     Epoch: 2 Loss: 0.406010
11-08 01:47 INFO     Epoch: 3 Loss: 0.425050
11-08 01:48 INFO     Epoch: 4 Loss: 0.423206
11-08 01:49 INFO     >> Training accuracy: 0.905409
11-08 01:49 INFO     >> Test accuracy: 0.580000
11-08 01:49 INFO      ** Training complete **
11-08 01:49 INFO     net 1 final test acc 0.580000
11-08 01:49 INFO     global n_test: 313
11-08 01:51 INFO     >> Global Model Train accuracy: 0.937080
11-08 01:51 INFO     >> Global Model Test accuracy: 0.650200
11-08 01:51 INFO     >> Global Model Train loss: 0.193770
11-08 01:51 INFO     in comm round:29
11-08 01:51 INFO     Training network 0. n_training: 25000
11-08 01:51 INFO     Training network 0
11-08 01:51 INFO     n_training: 390
11-08 01:51 INFO     n_test: 313
11-08 01:51 INFO     >> Pre-Training Training accuracy: 0.9404647435897436
11-08 01:51 INFO     >> Pre-Training Test accuracy: 0.6502
11-08 01:52 INFO     Epoch: 0 Loss: 0.336871
11-08 01:53 INFO     >> Training accuracy: 0.925321
11-08 01:53 INFO     >> Test accuracy: 0.603100
11-08 01:54 INFO     Epoch: 1 Loss: 0.376737
11-08 01:56 INFO     Epoch: 2 Loss: 0.394638
11-08 01:57 INFO     Epoch: 3 Loss: 0.408263
11-08 01:58 INFO     Epoch: 4 Loss: 0.380206
11-08 01:59 INFO     >> Training accuracy: 0.914704
11-08 01:59 INFO     >> Test accuracy: 0.592400
11-08 01:59 INFO      ** Training complete **
11-08 01:59 INFO     net 0 final test acc 0.592400
11-08 01:59 INFO     Training network 1. n_training: 25000
11-08 01:59 INFO     Training network 1
11-08 01:59 INFO     n_training: 390
11-08 01:59 INFO     n_test: 313
11-08 02:00 INFO     >> Pre-Training Training accuracy: 0.9377403846153847
11-08 02:00 INFO     >> Pre-Training Test accuracy: 0.6502
11-08 02:01 INFO     Epoch: 0 Loss: 0.353122
11-08 02:02 INFO     >> Training accuracy: 0.919431
11-08 02:02 INFO     >> Test accuracy: 0.595700
11-08 02:03 INFO     Epoch: 1 Loss: 0.373292
11-08 02:04 INFO     Epoch: 2 Loss: 0.384999
11-08 02:05 INFO     Epoch: 3 Loss: 0.397885
11-08 02:06 INFO     Epoch: 4 Loss: 0.398546
11-08 02:07 INFO     >> Training accuracy: 0.919431
11-08 02:07 INFO     >> Test accuracy: 0.581700
11-08 02:07 INFO      ** Training complete **
11-08 02:07 INFO     net 1 final test acc 0.581700
11-08 02:07 INFO     global n_test: 313
11-08 02:09 INFO     >> Global Model Train accuracy: 0.949384
11-08 02:09 INFO     >> Global Model Test accuracy: 0.654300
11-08 02:09 INFO     >> Global Model Train loss: 0.157951
11-08 02:09 INFO     in comm round:30
11-08 02:09 INFO     Training network 0. n_training: 25000
11-08 02:09 INFO     Training network 0
11-08 02:09 INFO     n_training: 390
11-08 02:09 INFO     n_test: 313
11-08 02:10 INFO     >> Pre-Training Training accuracy: 0.9520032051282051
11-08 02:10 INFO     >> Pre-Training Test accuracy: 0.6543
11-08 02:11 INFO     Epoch: 0 Loss: 0.317399
11-08 02:12 INFO     >> Training accuracy: 0.934255
11-08 02:12 INFO     >> Test accuracy: 0.609900
11-08 02:13 INFO     Epoch: 1 Loss: 0.334294
11-08 02:14 INFO     Epoch: 2 Loss: 0.345749
11-08 02:16 INFO     Epoch: 3 Loss: 0.347169
11-08 02:17 INFO     Epoch: 4 Loss: 0.372952
11-08 02:18 INFO     >> Training accuracy: 0.922877
11-08 02:18 INFO     >> Test accuracy: 0.584100
11-08 02:18 INFO      ** Training complete **
11-08 02:18 INFO     net 0 final test acc 0.584100
11-08 02:18 INFO     Training network 1. n_training: 25000
11-08 02:18 INFO     Training network 1
11-08 02:18 INFO     n_training: 390
11-08 02:18 INFO     n_test: 313
11-08 02:19 INFO     >> Pre-Training Training accuracy: 0.9510817307692307
11-08 02:19 INFO     >> Pre-Training Test accuracy: 0.6543
11-08 02:19 INFO     Epoch: 0 Loss: 0.312847
11-08 02:20 INFO     >> Training accuracy: 0.928325
11-08 02:20 INFO     >> Test accuracy: 0.604400
11-08 02:21 INFO     Epoch: 1 Loss: 0.356779
11-08 02:22 INFO     Epoch: 2 Loss: 0.381803
11-08 02:23 INFO     Epoch: 3 Loss: 0.380827
11-08 02:24 INFO     Epoch: 4 Loss: 0.378452
11-08 02:24 INFO     >> Training accuracy: 0.922796
11-08 02:24 INFO     >> Test accuracy: 0.588200
11-08 02:24 INFO      ** Training complete **
11-08 02:24 INFO     net 1 final test acc 0.588200
11-08 02:24 INFO     global n_test: 313
11-08 02:26 INFO     >> Global Model Train accuracy: 0.954385
11-08 02:26 INFO     >> Global Model Test accuracy: 0.649300
11-08 02:26 INFO     >> Global Model Train loss: 0.140772
11-08 02:26 INFO     in comm round:31
11-08 02:26 INFO     Training network 0. n_training: 25000
11-08 02:26 INFO     Training network 0
11-08 02:26 INFO     n_training: 390
11-08 02:26 INFO     n_test: 313
11-08 02:27 INFO     >> Pre-Training Training accuracy: 0.9540865384615385
11-08 02:27 INFO     >> Pre-Training Test accuracy: 0.6493
11-08 02:29 INFO     Epoch: 0 Loss: 0.285369
11-08 02:30 INFO     >> Training accuracy: 0.939583
11-08 02:30 INFO     >> Test accuracy: 0.606500
11-08 02:31 INFO     Epoch: 1 Loss: 0.345203
11-08 02:32 INFO     Epoch: 2 Loss: 0.336252
11-08 02:33 INFO     Epoch: 3 Loss: 0.353651
11-08 02:34 INFO     Epoch: 4 Loss: 0.331010
11-08 02:35 INFO     >> Training accuracy: 0.932692
11-08 02:35 INFO     >> Test accuracy: 0.599200
11-08 02:35 INFO      ** Training complete **
11-08 02:35 INFO     net 0 final test acc 0.599200
11-08 02:35 INFO     Training network 1. n_training: 25000
11-08 02:35 INFO     Training network 1
11-08 02:35 INFO     n_training: 390
11-08 02:35 INFO     n_test: 313
11-08 02:36 INFO     >> Pre-Training Training accuracy: 0.9527644230769231
11-08 02:36 INFO     >> Pre-Training Test accuracy: 0.6493
11-08 02:37 INFO     Epoch: 0 Loss: 0.297672
11-08 02:38 INFO     >> Training accuracy: 0.937220
11-08 02:38 INFO     >> Test accuracy: 0.606200
11-08 02:40 INFO     Epoch: 1 Loss: 0.332345
11-08 02:41 INFO     Epoch: 2 Loss: 0.340554
11-08 02:42 INFO     Epoch: 3 Loss: 0.343832
11-08 02:43 INFO     Epoch: 4 Loss: 0.365114
11-08 02:44 INFO     >> Training accuracy: 0.915905
11-08 02:44 INFO     >> Test accuracy: 0.578100
11-08 02:44 INFO      ** Training complete **
11-08 02:44 INFO     net 1 final test acc 0.578100
11-08 02:44 INFO     global n_test: 313
11-08 02:45 INFO     >> Global Model Train accuracy: 0.954786
11-08 02:45 INFO     >> Global Model Test accuracy: 0.656900
11-08 02:45 INFO     >> Global Model Train loss: 0.140476
11-08 02:45 INFO     in comm round:32
11-08 02:45 INFO     Training network 0. n_training: 25000
11-08 02:45 INFO     Training network 0
11-08 02:45 INFO     n_training: 390
11-08 02:45 INFO     n_test: 313
11-08 02:46 INFO     >> Pre-Training Training accuracy: 0.9544871794871795
11-08 02:46 INFO     >> Pre-Training Test accuracy: 0.6569
11-08 02:48 INFO     Epoch: 0 Loss: 0.265352
11-08 02:49 INFO     >> Training accuracy: 0.944912
11-08 02:49 INFO     >> Test accuracy: 0.609800
11-08 02:50 INFO     Epoch: 1 Loss: 0.310693
11-08 02:51 INFO     Epoch: 2 Loss: 0.317304
11-08 02:52 INFO     Epoch: 3 Loss: 0.327244
11-08 02:53 INFO     Epoch: 4 Loss: 0.335027
11-08 02:54 INFO     >> Training accuracy: 0.930088
11-08 02:54 INFO     >> Test accuracy: 0.598300
11-08 02:54 INFO      ** Training complete **
11-08 02:54 INFO     net 0 final test acc 0.598300
11-08 02:54 INFO     Training network 1. n_training: 25000
11-08 02:54 INFO     Training network 1
11-08 02:54 INFO     n_training: 390
11-08 02:54 INFO     n_test: 313
11-08 02:55 INFO     >> Pre-Training Training accuracy: 0.9557291666666666
11-08 02:55 INFO     >> Pre-Training Test accuracy: 0.6569
11-08 02:56 INFO     Epoch: 0 Loss: 0.270880
11-08 02:57 INFO     >> Training accuracy: 0.939423
11-08 02:57 INFO     >> Test accuracy: 0.610400
11-08 02:58 INFO     Epoch: 1 Loss: 0.310168
11-08 03:00 INFO     Epoch: 2 Loss: 0.324919
11-08 03:01 INFO     Epoch: 3 Loss: 0.363193
11-08 03:02 INFO     Epoch: 4 Loss: 0.331042
11-08 03:03 INFO     >> Training accuracy: 0.928125
11-08 03:03 INFO     >> Test accuracy: 0.588400
11-08 03:03 INFO      ** Training complete **
11-08 03:03 INFO     net 1 final test acc 0.588400
11-08 03:03 INFO     global n_test: 313
11-08 03:04 INFO     >> Global Model Train accuracy: 0.961688
11-08 03:04 INFO     >> Global Model Test accuracy: 0.654600
11-08 03:04 INFO     >> Global Model Train loss: 0.120225
11-08 03:04 INFO     in comm round:33
11-08 03:04 INFO     Training network 0. n_training: 25000
11-08 03:04 INFO     Training network 0
11-08 03:04 INFO     n_training: 390
11-08 03:04 INFO     n_test: 313
11-08 03:05 INFO     >> Pre-Training Training accuracy: 0.9626201923076924
11-08 03:05 INFO     >> Pre-Training Test accuracy: 0.6546
11-08 03:06 INFO     Epoch: 0 Loss: 0.243901
11-08 03:07 INFO     >> Training accuracy: 0.941667
11-08 03:07 INFO     >> Test accuracy: 0.604700
11-08 03:09 INFO     Epoch: 1 Loss: 0.311545
11-08 03:10 INFO     Epoch: 2 Loss: 0.306773
11-08 03:11 INFO     Epoch: 3 Loss: 0.312091
11-08 03:13 INFO     Epoch: 4 Loss: 0.307576
11-08 03:13 INFO     >> Training accuracy: 0.927644
11-08 03:13 INFO     >> Test accuracy: 0.593100
11-08 03:13 INFO      ** Training complete **
11-08 03:13 INFO     net 0 final test acc 0.593100
11-08 03:13 INFO     Training network 1. n_training: 25000
11-08 03:13 INFO     Training network 1
11-08 03:13 INFO     n_training: 390
11-08 03:13 INFO     n_test: 313
11-08 03:14 INFO     >> Pre-Training Training accuracy: 0.9618589743589744
11-08 03:14 INFO     >> Pre-Training Test accuracy: 0.6546
11-08 03:15 INFO     Epoch: 0 Loss: 0.240054
11-08 03:16 INFO     >> Training accuracy: 0.939663
11-08 03:16 INFO     >> Test accuracy: 0.607900
11-08 03:17 INFO     Epoch: 1 Loss: 0.307515
11-08 03:18 INFO     Epoch: 2 Loss: 0.311934
11-08 03:20 INFO     Epoch: 3 Loss: 0.320902
11-08 03:21 INFO     Epoch: 4 Loss: 0.316139
11-08 03:22 INFO     >> Training accuracy: 0.932011
11-08 03:22 INFO     >> Test accuracy: 0.595200
11-08 03:22 INFO      ** Training complete **
11-08 03:22 INFO     net 1 final test acc 0.595200
11-08 03:22 INFO     global n_test: 313
11-08 03:24 INFO     >> Global Model Train accuracy: 0.960467
11-08 03:24 INFO     >> Global Model Test accuracy: 0.656900
11-08 03:24 INFO     >> Global Model Train loss: 0.121274
11-08 03:24 INFO     in comm round:34
11-08 03:24 INFO     Training network 0. n_training: 25000
11-08 03:24 INFO     Training network 0
11-08 03:24 INFO     n_training: 390
11-08 03:24 INFO     n_test: 313
11-08 03:24 INFO     >> Pre-Training Training accuracy: 0.9637419871794872
11-08 03:24 INFO     >> Pre-Training Test accuracy: 0.6569
11-08 03:25 INFO     Epoch: 0 Loss: 0.232259
11-08 03:26 INFO     >> Training accuracy: 0.948958
11-08 03:26 INFO     >> Test accuracy: 0.613500
11-08 03:27 INFO     Epoch: 1 Loss: 0.257434
11-08 03:29 INFO     Epoch: 2 Loss: 0.313276
11-08 03:30 INFO     Epoch: 3 Loss: 0.313349
11-08 03:31 INFO     Epoch: 4 Loss: 0.304057
11-08 03:32 INFO     >> Training accuracy: 0.942548
11-08 03:32 INFO     >> Test accuracy: 0.590600
11-08 03:32 INFO      ** Training complete **
11-08 03:32 INFO     net 0 final test acc 0.590600
11-08 03:32 INFO     Training network 1. n_training: 25000
11-08 03:32 INFO     Training network 1
11-08 03:32 INFO     n_training: 390
11-08 03:32 INFO     n_test: 313
11-08 03:33 INFO     >> Pre-Training Training accuracy: 0.9611778846153847
11-08 03:33 INFO     >> Pre-Training Test accuracy: 0.6569
11-08 03:34 INFO     Epoch: 0 Loss: 0.227773
11-08 03:35 INFO     >> Training accuracy: 0.950240
11-08 03:35 INFO     >> Test accuracy: 0.603900
11-08 03:36 INFO     Epoch: 1 Loss: 0.287491
11-08 03:37 INFO     Epoch: 2 Loss: 0.302425
11-08 03:38 INFO     Epoch: 3 Loss: 0.302850
11-08 03:40 INFO     Epoch: 4 Loss: 0.306785
11-08 03:41 INFO     >> Training accuracy: 0.935817
11-08 03:41 INFO     >> Test accuracy: 0.585900
11-08 03:41 INFO      ** Training complete **
11-08 03:41 INFO     net 1 final test acc 0.585900
11-08 03:41 INFO     global n_test: 313
11-08 03:43 INFO     >> Global Model Train accuracy: 0.970331
11-08 03:43 INFO     >> Global Model Test accuracy: 0.650700
11-08 03:43 INFO     >> Global Model Train loss: 0.096059
11-08 03:43 INFO     in comm round:35
11-08 03:43 INFO     Training network 0. n_training: 25000
11-08 03:43 INFO     Training network 0
11-08 03:43 INFO     n_training: 390
11-08 03:43 INFO     n_test: 313
11-08 03:44 INFO     >> Pre-Training Training accuracy: 0.9726762820512821
11-08 03:44 INFO     >> Pre-Training Test accuracy: 0.6507
11-08 03:45 INFO     Epoch: 0 Loss: 0.196186
11-08 03:45 INFO     >> Training accuracy: 0.943510
11-08 03:45 INFO     >> Test accuracy: 0.610900
11-08 03:46 INFO     Epoch: 1 Loss: 0.265360
11-08 03:47 INFO     Epoch: 2 Loss: 0.286280
11-08 03:49 INFO     Epoch: 3 Loss: 0.286626
11-08 03:50 INFO     Epoch: 4 Loss: 0.307588
11-08 03:51 INFO     >> Training accuracy: 0.939744
11-08 03:51 INFO     >> Test accuracy: 0.590200
11-08 03:51 INFO      ** Training complete **
11-08 03:51 INFO     net 0 final test acc 0.590200
11-08 03:51 INFO     Training network 1. n_training: 25000
11-08 03:51 INFO     Training network 1
11-08 03:51 INFO     n_training: 390
11-08 03:51 INFO     n_test: 313
11-08 03:52 INFO     >> Pre-Training Training accuracy: 0.9703926282051282
11-08 03:52 INFO     >> Pre-Training Test accuracy: 0.6507
11-08 03:54 INFO     Epoch: 0 Loss: 0.196217
11-08 03:55 INFO     >> Training accuracy: 0.949960
11-08 03:55 INFO     >> Test accuracy: 0.611100
11-08 03:55 INFO     Epoch: 1 Loss: 0.259486
11-08 03:56 INFO     Epoch: 2 Loss: 0.287904
11-08 03:57 INFO     Epoch: 3 Loss: 0.290948
11-08 03:59 INFO     Epoch: 4 Loss: 0.314065
11-08 04:00 INFO     >> Training accuracy: 0.944231
11-08 04:00 INFO     >> Test accuracy: 0.594600
11-08 04:00 INFO      ** Training complete **
11-08 04:00 INFO     net 1 final test acc 0.594600
11-08 04:00 INFO     global n_test: 313
11-08 04:02 INFO     >> Global Model Train accuracy: 0.970671
11-08 04:02 INFO     >> Global Model Test accuracy: 0.659000
11-08 04:02 INFO     >> Global Model Train loss: 0.090809
11-08 04:02 INFO     in comm round:36
11-08 04:02 INFO     Training network 0. n_training: 25000
11-08 04:02 INFO     Training network 0
11-08 04:02 INFO     n_training: 390
11-08 04:02 INFO     n_test: 313
11-08 04:03 INFO     >> Pre-Training Training accuracy: 0.9723958333333333
11-08 04:03 INFO     >> Pre-Training Test accuracy: 0.659
11-08 04:04 INFO     Epoch: 0 Loss: 0.189851
11-08 04:05 INFO     >> Training accuracy: 0.959655
11-08 04:05 INFO     >> Test accuracy: 0.617800
11-08 04:06 INFO     Epoch: 1 Loss: 0.253983
11-08 04:07 INFO     Epoch: 2 Loss: 0.267092
11-08 04:09 INFO     Epoch: 3 Loss: 0.285185
11-08 04:10 INFO     Epoch: 4 Loss: 0.288243
11-08 04:11 INFO     >> Training accuracy: 0.945112
11-08 04:11 INFO     >> Test accuracy: 0.588300
11-08 04:11 INFO      ** Training complete **
11-08 04:11 INFO     net 0 final test acc 0.588300
11-08 04:11 INFO     Training network 1. n_training: 25000
11-08 04:11 INFO     Training network 1
11-08 04:11 INFO     n_training: 390
11-08 04:11 INFO     n_test: 313
11-08 04:12 INFO     >> Pre-Training Training accuracy: 0.9704326923076924
11-08 04:12 INFO     >> Pre-Training Test accuracy: 0.659
11-08 04:14 INFO     Epoch: 0 Loss: 0.206271
11-08 04:15 INFO     >> Training accuracy: 0.956010
11-08 04:15 INFO     >> Test accuracy: 0.608600
11-08 04:16 INFO     Epoch: 1 Loss: 0.239443
11-08 04:17 INFO     Epoch: 2 Loss: 0.261914
11-08 04:19 INFO     Epoch: 3 Loss: 0.262881
11-08 04:20 INFO     Epoch: 4 Loss: 0.288548
11-08 04:21 INFO     >> Training accuracy: 0.932011
11-08 04:21 INFO     >> Test accuracy: 0.583800
11-08 04:21 INFO      ** Training complete **
11-08 04:21 INFO     net 1 final test acc 0.583800
11-08 04:21 INFO     global n_test: 313
11-08 04:23 INFO     >> Global Model Train accuracy: 0.972751
11-08 04:23 INFO     >> Global Model Test accuracy: 0.654600
11-08 04:23 INFO     >> Global Model Train loss: 0.087217
11-08 04:23 INFO     in comm round:37
11-08 04:23 INFO     Training network 0. n_training: 25000
11-08 04:23 INFO     Training network 0
11-08 04:23 INFO     n_training: 390
11-08 04:23 INFO     n_test: 313
11-08 04:24 INFO     >> Pre-Training Training accuracy: 0.973036858974359
11-08 04:24 INFO     >> Pre-Training Test accuracy: 0.6546
11-08 04:25 INFO     Epoch: 0 Loss: 0.190873
11-08 04:26 INFO     >> Training accuracy: 0.958053
11-08 04:26 INFO     >> Test accuracy: 0.617700
11-08 04:27 INFO     Epoch: 1 Loss: 0.237248
11-08 04:29 INFO     Epoch: 2 Loss: 0.254267
11-08 04:30 INFO     Epoch: 3 Loss: 0.267122
11-08 04:32 INFO     Epoch: 4 Loss: 0.255859
11-08 04:33 INFO     >> Training accuracy: 0.952604
11-08 04:33 INFO     >> Test accuracy: 0.594200
11-08 04:33 INFO      ** Training complete **
11-08 04:33 INFO     net 0 final test acc 0.594200
11-08 04:33 INFO     Training network 1. n_training: 25000
11-08 04:33 INFO     Training network 1
11-08 04:33 INFO     n_training: 390
11-08 04:33 INFO     n_test: 313
11-08 04:34 INFO     >> Pre-Training Training accuracy: 0.9733173076923077
11-08 04:34 INFO     >> Pre-Training Test accuracy: 0.6546
11-08 04:35 INFO     Epoch: 0 Loss: 0.193987
11-08 04:36 INFO     >> Training accuracy: 0.958854
11-08 04:36 INFO     >> Test accuracy: 0.607000
11-08 04:37 INFO     Epoch: 1 Loss: 0.234359
11-08 04:39 INFO     Epoch: 2 Loss: 0.252433
11-08 04:40 INFO     Epoch: 3 Loss: 0.270663
11-08 04:41 INFO     Epoch: 4 Loss: 0.266191
11-08 04:42 INFO     >> Training accuracy: 0.945713
11-08 04:42 INFO     >> Test accuracy: 0.586800
11-08 04:42 INFO      ** Training complete **
11-08 04:42 INFO     net 1 final test acc 0.586800
11-08 04:42 INFO     global n_test: 313
11-08 04:44 INFO     >> Global Model Train accuracy: 0.977073
11-08 04:44 INFO     >> Global Model Test accuracy: 0.652800
11-08 04:44 INFO     >> Global Model Train loss: 0.071521
11-08 04:44 INFO     in comm round:38
11-08 04:44 INFO     Training network 0. n_training: 25000
11-08 04:44 INFO     Training network 0
11-08 04:44 INFO     n_training: 390
11-08 04:44 INFO     n_test: 313
11-08 04:45 INFO     >> Pre-Training Training accuracy: 0.9770432692307692
11-08 04:45 INFO     >> Pre-Training Test accuracy: 0.6528
11-08 04:46 INFO     Epoch: 0 Loss: 0.176277
11-08 04:47 INFO     >> Training accuracy: 0.949159
11-08 04:47 INFO     >> Test accuracy: 0.601700
11-08 04:48 INFO     Epoch: 1 Loss: 0.244880
11-08 04:50 INFO     Epoch: 2 Loss: 0.257518
11-08 04:51 INFO     Epoch: 3 Loss: 0.252928
11-08 04:53 INFO     Epoch: 4 Loss: 0.279217
11-08 04:54 INFO     >> Training accuracy: 0.944231
11-08 04:54 INFO     >> Test accuracy: 0.587500
11-08 04:54 INFO      ** Training complete **
11-08 04:54 INFO     net 0 final test acc 0.587500
11-08 04:54 INFO     Training network 1. n_training: 25000
11-08 04:54 INFO     Training network 1
11-08 04:54 INFO     n_training: 390
11-08 04:54 INFO     n_test: 313
11-08 04:55 INFO     >> Pre-Training Training accuracy: 0.9766025641025641
11-08 04:55 INFO     >> Pre-Training Test accuracy: 0.6528
11-08 04:57 INFO     Epoch: 0 Loss: 0.171670
11-08 04:57 INFO     >> Training accuracy: 0.961098
11-08 04:57 INFO     >> Test accuracy: 0.615400
11-08 04:59 INFO     Epoch: 1 Loss: 0.211678
11-08 05:00 INFO     Epoch: 2 Loss: 0.220385
11-08 05:01 INFO     Epoch: 3 Loss: 0.266032
11-08 05:03 INFO     Epoch: 4 Loss: 0.280564
11-08 05:04 INFO     >> Training accuracy: 0.943990
11-08 05:04 INFO     >> Test accuracy: 0.592800
11-08 05:04 INFO      ** Training complete **
11-08 05:04 INFO     net 1 final test acc 0.592800
11-08 05:04 INFO     global n_test: 313
11-08 05:05 INFO     >> Global Model Train accuracy: 0.977013
11-08 05:05 INFO     >> Global Model Test accuracy: 0.653400
11-08 05:05 INFO     >> Global Model Train loss: 0.072558
11-08 05:05 INFO     in comm round:39
11-08 05:05 INFO     Training network 0. n_training: 25000
11-08 05:05 INFO     Training network 0
11-08 05:05 INFO     n_training: 390
11-08 05:05 INFO     n_test: 313
11-08 05:06 INFO     >> Pre-Training Training accuracy: 0.9767227564102564
11-08 05:06 INFO     >> Pre-Training Test accuracy: 0.6534
11-08 05:07 INFO     Epoch: 0 Loss: 0.163383
11-08 05:08 INFO     >> Training accuracy: 0.961418
11-08 05:08 INFO     >> Test accuracy: 0.612300
11-08 05:10 INFO     Epoch: 1 Loss: 0.215932
11-08 05:11 INFO     Epoch: 2 Loss: 0.221771
11-08 05:13 INFO     Epoch: 3 Loss: 0.221375
11-08 05:14 INFO     Epoch: 4 Loss: 0.248072
11-08 05:15 INFO     >> Training accuracy: 0.952524
11-08 05:15 INFO     >> Test accuracy: 0.594300
11-08 05:15 INFO      ** Training complete **
11-08 05:15 INFO     net 0 final test acc 0.594300
11-08 05:15 INFO     Training network 1. n_training: 25000
11-08 05:15 INFO     Training network 1
11-08 05:15 INFO     n_training: 390
11-08 05:15 INFO     n_test: 313
11-08 05:16 INFO     >> Pre-Training Training accuracy: 0.9761618589743589
11-08 05:16 INFO     >> Pre-Training Test accuracy: 0.6534
11-08 05:17 INFO     Epoch: 0 Loss: 0.151682
11-08 05:18 INFO     >> Training accuracy: 0.963261
11-08 05:18 INFO     >> Test accuracy: 0.616600
11-08 05:20 INFO     Epoch: 1 Loss: 0.214651
11-08 05:21 INFO     Epoch: 2 Loss: 0.230844
11-08 05:22 INFO     Epoch: 3 Loss: 0.259684
11-08 05:24 INFO     Epoch: 4 Loss: 0.241657
11-08 05:25 INFO     >> Training accuracy: 0.951723
11-08 05:25 INFO     >> Test accuracy: 0.594500
11-08 05:25 INFO      ** Training complete **
11-08 05:25 INFO     net 1 final test acc 0.594500
11-08 05:25 INFO     global n_test: 313
11-08 05:26 INFO     >> Global Model Train accuracy: 0.980354
11-08 05:26 INFO     >> Global Model Test accuracy: 0.659000
11-08 05:26 INFO     >> Global Model Train loss: 0.060742
11-08 05:26 INFO     in comm round:40
11-08 05:26 INFO     Training network 0. n_training: 25000
11-08 05:26 INFO     Training network 0
11-08 05:26 INFO     n_training: 390
11-08 05:26 INFO     n_test: 313
11-08 05:27 INFO     >> Pre-Training Training accuracy: 0.9804887820512821
11-08 05:27 INFO     >> Pre-Training Test accuracy: 0.659
11-08 05:28 INFO     Epoch: 0 Loss: 0.143341
11-08 05:29 INFO     >> Training accuracy: 0.969351
11-08 05:29 INFO     >> Test accuracy: 0.618000
11-08 05:31 INFO     Epoch: 1 Loss: 0.196117
11-08 05:32 INFO     Epoch: 2 Loss: 0.229329
11-08 05:34 INFO     Epoch: 3 Loss: 0.229596
11-08 05:35 INFO     Epoch: 4 Loss: 0.222736
11-08 05:36 INFO     >> Training accuracy: 0.957011
11-08 05:36 INFO     >> Test accuracy: 0.605200
11-08 05:36 INFO      ** Training complete **
11-08 05:36 INFO     net 0 final test acc 0.605200
11-08 05:36 INFO     Training network 1. n_training: 25000
11-08 05:37 INFO     Training network 1
11-08 05:37 INFO     n_training: 390
11-08 05:37 INFO     n_test: 313
11-08 05:37 INFO     >> Pre-Training Training accuracy: 0.9795673076923077
11-08 05:37 INFO     >> Pre-Training Test accuracy: 0.659
11-08 05:39 INFO     Epoch: 0 Loss: 0.134403
11-08 05:40 INFO     >> Training accuracy: 0.967909
11-08 05:40 INFO     >> Test accuracy: 0.627000
11-08 05:41 INFO     Epoch: 1 Loss: 0.193075
11-08 05:42 INFO     Epoch: 2 Loss: 0.224085
11-08 05:44 INFO     Epoch: 3 Loss: 0.241752
11-08 05:45 INFO     Epoch: 4 Loss: 0.239995
11-08 05:46 INFO     >> Training accuracy: 0.951082
11-08 05:46 INFO     >> Test accuracy: 0.602100
11-08 05:46 INFO      ** Training complete **
11-08 05:46 INFO     net 1 final test acc 0.602100
11-08 05:46 INFO     global n_test: 313
11-08 05:47 INFO     >> Global Model Train accuracy: 0.980194
11-08 05:47 INFO     >> Global Model Test accuracy: 0.660800
11-08 05:47 INFO     >> Global Model Train loss: 0.061258
11-08 05:47 INFO     in comm round:41
11-08 05:47 INFO     Training network 0. n_training: 25000
11-08 05:47 INFO     Training network 0
11-08 05:47 INFO     n_training: 390
11-08 05:47 INFO     n_test: 313
11-08 05:48 INFO     >> Pre-Training Training accuracy: 0.978084935897436
11-08 05:48 INFO     >> Pre-Training Test accuracy: 0.6608
11-08 05:49 INFO     Epoch: 0 Loss: 0.140972
11-08 05:51 INFO     >> Training accuracy: 0.964463
11-08 05:51 INFO     >> Test accuracy: 0.621400
11-08 05:52 INFO     Epoch: 1 Loss: 0.179051
11-08 05:54 INFO     Epoch: 2 Loss: 0.220066
11-08 05:55 INFO     Epoch: 3 Loss: 0.239464
11-08 05:56 INFO     Epoch: 4 Loss: 0.255582
11-08 05:58 INFO     >> Training accuracy: 0.942388
11-08 05:58 INFO     >> Test accuracy: 0.579400
11-08 05:58 INFO      ** Training complete **
11-08 05:58 INFO     net 0 final test acc 0.579400
11-08 05:58 INFO     Training network 1. n_training: 25000
11-08 05:58 INFO     Training network 1
11-08 05:58 INFO     n_training: 390
11-08 05:58 INFO     n_test: 313
11-08 05:58 INFO     >> Pre-Training Training accuracy: 0.9826522435897436
11-08 05:58 INFO     >> Pre-Training Test accuracy: 0.6608
11-08 06:00 INFO     Epoch: 0 Loss: 0.139983
11-08 06:01 INFO     >> Training accuracy: 0.969271
11-08 06:01 INFO     >> Test accuracy: 0.619100
11-08 06:02 INFO     Epoch: 1 Loss: 0.179247
11-08 06:03 INFO     Epoch: 2 Loss: 0.209720
11-08 06:05 INFO     Epoch: 3 Loss: 0.230206
11-08 06:06 INFO     Epoch: 4 Loss: 0.220823
11-08 06:07 INFO     >> Training accuracy: 0.955048
11-08 06:07 INFO     >> Test accuracy: 0.597500
11-08 06:07 INFO      ** Training complete **
11-08 06:07 INFO     net 1 final test acc 0.597500
11-08 06:07 INFO     global n_test: 313
11-08 06:08 INFO     >> Global Model Train accuracy: 0.979353
11-08 06:08 INFO     >> Global Model Test accuracy: 0.648400
11-08 06:08 INFO     >> Global Model Train loss: 0.064444
11-08 06:08 INFO     in comm round:42
11-08 06:08 INFO     Training network 0. n_training: 25000
11-08 06:08 INFO     Training network 0
11-08 06:08 INFO     n_training: 390
11-08 06:08 INFO     n_test: 313
11-08 06:09 INFO     >> Pre-Training Training accuracy: 0.9810496794871795
11-08 06:09 INFO     >> Pre-Training Test accuracy: 0.6484
11-08 06:11 INFO     Epoch: 0 Loss: 0.138727
11-08 06:12 INFO     >> Training accuracy: 0.974199
11-08 06:12 INFO     >> Test accuracy: 0.621900
11-08 06:13 INFO     Epoch: 1 Loss: 0.161699
11-08 06:15 INFO     Epoch: 2 Loss: 0.192826
11-08 06:16 INFO     Epoch: 3 Loss: 0.208669
11-08 06:18 INFO     Epoch: 4 Loss: 0.223282
11-08 06:19 INFO     >> Training accuracy: 0.959095
11-08 06:19 INFO     >> Test accuracy: 0.598700
11-08 06:19 INFO      ** Training complete **
11-08 06:19 INFO     net 0 final test acc 0.598700
11-08 06:19 INFO     Training network 1. n_training: 25000
11-08 06:19 INFO     Training network 1
11-08 06:19 INFO     n_training: 390
11-08 06:19 INFO     n_test: 313
11-08 06:20 INFO     >> Pre-Training Training accuracy: 0.9789663461538461
11-08 06:20 INFO     >> Pre-Training Test accuracy: 0.6484
11-08 06:21 INFO     Epoch: 0 Loss: 0.138812
11-08 06:22 INFO     >> Training accuracy: 0.970473
11-08 06:22 INFO     >> Test accuracy: 0.622400
11-08 06:23 INFO     Epoch: 1 Loss: 0.186911
11-08 06:25 INFO     Epoch: 2 Loss: 0.203966
11-08 06:26 INFO     Epoch: 3 Loss: 0.218781
11-08 06:27 INFO     Epoch: 4 Loss: 0.215541
11-08 06:28 INFO     >> Training accuracy: 0.950561
11-08 06:28 INFO     >> Test accuracy: 0.596900
11-08 06:28 INFO      ** Training complete **
11-08 06:28 INFO     net 1 final test acc 0.596900
11-08 06:28 INFO     global n_test: 313
11-08 06:29 INFO     >> Global Model Train accuracy: 0.982734
11-08 06:29 INFO     >> Global Model Test accuracy: 0.657600
11-08 06:29 INFO     >> Global Model Train loss: 0.054006
11-08 06:29 INFO     in comm round:43
11-08 06:29 INFO     Training network 0. n_training: 25000
11-08 06:29 INFO     Training network 0
11-08 06:29 INFO     n_training: 390
11-08 06:29 INFO     n_test: 313
11-08 06:30 INFO     >> Pre-Training Training accuracy: 0.9822516025641026
11-08 06:30 INFO     >> Pre-Training Test accuracy: 0.6576
11-08 06:32 INFO     Epoch: 0 Loss: 0.116167
11-08 06:33 INFO     >> Training accuracy: 0.972917
11-08 06:33 INFO     >> Test accuracy: 0.617500
11-08 06:35 INFO     Epoch: 1 Loss: 0.181704
11-08 06:36 INFO     Epoch: 2 Loss: 0.192835
11-08 06:38 INFO     Epoch: 3 Loss: 0.201439
11-08 06:39 INFO     Epoch: 4 Loss: 0.217650
11-08 06:40 INFO     >> Training accuracy: 0.950641
11-08 06:40 INFO     >> Test accuracy: 0.598200
11-08 06:40 INFO      ** Training complete **
11-08 06:40 INFO     net 0 final test acc 0.598200
11-08 06:40 INFO     Training network 1. n_training: 25000
11-08 06:40 INFO     Training network 1
11-08 06:40 INFO     n_training: 390
11-08 06:40 INFO     n_test: 313
11-08 06:41 INFO     >> Pre-Training Training accuracy: 0.9839342948717948
11-08 06:41 INFO     >> Pre-Training Test accuracy: 0.6576
11-08 06:42 INFO     Epoch: 0 Loss: 0.117633
11-08 06:43 INFO     >> Training accuracy: 0.970954
11-08 06:43 INFO     >> Test accuracy: 0.614800
11-08 06:45 INFO     Epoch: 1 Loss: 0.177586
11-08 06:46 INFO     Epoch: 2 Loss: 0.201571
11-08 06:47 INFO     Epoch: 3 Loss: 0.196704
11-08 06:48 INFO     Epoch: 4 Loss: 0.233927
11-08 06:49 INFO     >> Training accuracy: 0.953045
11-08 06:49 INFO     >> Test accuracy: 0.593500
11-08 06:49 INFO      ** Training complete **
11-08 06:49 INFO     net 1 final test acc 0.593500
11-08 06:49 INFO     global n_test: 313
11-08 06:51 INFO     >> Global Model Train accuracy: 0.983675
11-08 06:51 INFO     >> Global Model Test accuracy: 0.654800
11-08 06:51 INFO     >> Global Model Train loss: 0.049445
11-08 06:51 INFO     in comm round:44
11-08 06:51 INFO     Training network 0. n_training: 25000
11-08 06:51 INFO     Training network 0
11-08 06:51 INFO     n_training: 390
11-08 06:51 INFO     n_test: 313
11-08 06:52 INFO     >> Pre-Training Training accuracy: 0.9844951923076923
11-08 06:52 INFO     >> Pre-Training Test accuracy: 0.6548
11-08 06:53 INFO     Epoch: 0 Loss: 0.106713
11-08 06:54 INFO     >> Training accuracy: 0.973518
11-08 06:54 INFO     >> Test accuracy: 0.624800
11-08 06:56 INFO     Epoch: 1 Loss: 0.158676
11-08 06:57 INFO     Epoch: 2 Loss: 0.204414
11-08 06:58 INFO     Epoch: 3 Loss: 0.212007
11-08 07:00 INFO     Epoch: 4 Loss: 0.204678
11-08 07:01 INFO     >> Training accuracy: 0.954407
11-08 07:01 INFO     >> Test accuracy: 0.591100
11-08 07:01 INFO      ** Training complete **
11-08 07:01 INFO     net 0 final test acc 0.591100
11-08 07:01 INFO     Training network 1. n_training: 25000
11-08 07:01 INFO     Training network 1
11-08 07:01 INFO     n_training: 390
11-08 07:01 INFO     n_test: 313
11-08 07:02 INFO     >> Pre-Training Training accuracy: 0.9846153846153847
11-08 07:02 INFO     >> Pre-Training Test accuracy: 0.6548
11-08 07:03 INFO     Epoch: 0 Loss: 0.117965
11-08 07:04 INFO     >> Training accuracy: 0.969792
11-08 07:04 INFO     >> Test accuracy: 0.622600
11-08 07:06 INFO     Epoch: 1 Loss: 0.154058
11-08 07:06 INFO     Epoch: 2 Loss: 0.185983
11-08 07:07 INFO     Epoch: 3 Loss: 0.212483
11-08 07:09 INFO     Epoch: 4 Loss: 0.227573
11-08 07:10 INFO     >> Training accuracy: 0.957732
11-08 07:10 INFO     >> Test accuracy: 0.596500
11-08 07:10 INFO      ** Training complete **
11-08 07:10 INFO     net 1 final test acc 0.596500
11-08 07:10 INFO     global n_test: 313
11-08 07:12 INFO     >> Global Model Train accuracy: 0.985455
11-08 07:12 INFO     >> Global Model Test accuracy: 0.656900
11-08 07:12 INFO     >> Global Model Train loss: 0.046804
11-08 07:12 INFO     in comm round:45
11-08 07:12 INFO     Training network 0. n_training: 25000
11-08 07:12 INFO     Training network 0
11-08 07:12 INFO     n_training: 390
11-08 07:12 INFO     n_test: 313
11-08 07:13 INFO     >> Pre-Training Training accuracy: 0.9835336538461539
11-08 07:13 INFO     >> Pre-Training Test accuracy: 0.6569
11-08 07:15 INFO     Epoch: 0 Loss: 0.112865
11-08 07:16 INFO     >> Training accuracy: 0.972276
11-08 07:16 INFO     >> Test accuracy: 0.621500
11-08 07:17 INFO     Epoch: 1 Loss: 0.155682
11-08 07:18 INFO     Epoch: 2 Loss: 0.178942
11-08 07:19 INFO     Epoch: 3 Loss: 0.194877
11-08 07:21 INFO     Epoch: 4 Loss: 0.200725
11-08 07:22 INFO     >> Training accuracy: 0.958373
11-08 07:22 INFO     >> Test accuracy: 0.605800
11-08 07:22 INFO      ** Training complete **
11-08 07:22 INFO     net 0 final test acc 0.605800
11-08 07:22 INFO     Training network 1. n_training: 25000
11-08 07:22 INFO     Training network 1
11-08 07:22 INFO     n_training: 390
11-08 07:22 INFO     n_test: 313
11-08 07:23 INFO     >> Pre-Training Training accuracy: 0.9856169871794872
11-08 07:23 INFO     >> Pre-Training Test accuracy: 0.6569
11-08 07:24 INFO     Epoch: 0 Loss: 0.105611
11-08 07:25 INFO     >> Training accuracy: 0.978806
11-08 07:25 INFO     >> Test accuracy: 0.628900
11-08 07:26 INFO     Epoch: 1 Loss: 0.150422
11-08 07:27 INFO     Epoch: 2 Loss: 0.176462
11-08 07:28 INFO     Epoch: 3 Loss: 0.210143
11-08 07:30 INFO     Epoch: 4 Loss: 0.226934
11-08 07:31 INFO     >> Training accuracy: 0.948678
11-08 07:31 INFO     >> Test accuracy: 0.591700
11-08 07:31 INFO      ** Training complete **
11-08 07:31 INFO     net 1 final test acc 0.591700
11-08 07:31 INFO     global n_test: 313
11-08 07:33 INFO     >> Global Model Train accuracy: 0.983515
11-08 07:33 INFO     >> Global Model Test accuracy: 0.655600
11-08 07:33 INFO     >> Global Model Train loss: 0.051904
11-08 07:33 INFO     in comm round:46
11-08 07:33 INFO     Training network 0. n_training: 25000
11-08 07:33 INFO     Training network 0
11-08 07:33 INFO     n_training: 390
11-08 07:33 INFO     n_test: 313
11-08 07:34 INFO     >> Pre-Training Training accuracy: 0.9837740384615384
11-08 07:34 INFO     >> Pre-Training Test accuracy: 0.6556
11-08 07:35 INFO     Epoch: 0 Loss: 0.120653
11-08 07:36 INFO     >> Training accuracy: 0.967107
11-08 07:36 INFO     >> Test accuracy: 0.610200
11-08 07:38 INFO     Epoch: 1 Loss: 0.156158
11-08 07:39 INFO     Epoch: 2 Loss: 0.171192
11-08 07:40 INFO     Epoch: 3 Loss: 0.183804
11-08 07:41 INFO     Epoch: 4 Loss: 0.207482
11-08 07:42 INFO     >> Training accuracy: 0.952845
11-08 07:42 INFO     >> Test accuracy: 0.597800
11-08 07:42 INFO      ** Training complete **
11-08 07:42 INFO     net 0 final test acc 0.597800
11-08 07:42 INFO     Training network 1. n_training: 25000
11-08 07:42 INFO     Training network 1
11-08 07:42 INFO     n_training: 390
11-08 07:42 INFO     n_test: 313
11-08 07:44 INFO     >> Pre-Training Training accuracy: 0.9839743589743589
11-08 07:44 INFO     >> Pre-Training Test accuracy: 0.6556
11-08 07:45 INFO     Epoch: 0 Loss: 0.109767
11-08 07:46 INFO     >> Training accuracy: 0.974800
11-08 07:46 INFO     >> Test accuracy: 0.621000
11-08 07:47 INFO     Epoch: 1 Loss: 0.166676
11-08 07:48 INFO     Epoch: 2 Loss: 0.182088
11-08 07:49 INFO     Epoch: 3 Loss: 0.185744
11-08 07:50 INFO     Epoch: 4 Loss: 0.213978
11-08 07:52 INFO     >> Training accuracy: 0.965104
11-08 07:52 INFO     >> Test accuracy: 0.604800
11-08 07:52 INFO      ** Training complete **
11-08 07:52 INFO     net 1 final test acc 0.604800
11-08 07:52 INFO     global n_test: 313
11-08 07:53 INFO     >> Global Model Train accuracy: 0.987496
11-08 07:53 INFO     >> Global Model Test accuracy: 0.661000
11-08 07:53 INFO     >> Global Model Train loss: 0.039469
11-08 07:53 INFO     in comm round:47
11-08 07:53 INFO     Training network 0. n_training: 25000
11-08 07:53 INFO     Training network 0
11-08 07:53 INFO     n_training: 390
11-08 07:53 INFO     n_test: 313
11-08 07:54 INFO     >> Pre-Training Training accuracy: 0.9858573717948718
11-08 07:54 INFO     >> Pre-Training Test accuracy: 0.661
11-08 07:56 INFO     Epoch: 0 Loss: 0.107144
11-08 07:57 INFO     >> Training accuracy: 0.979046
11-08 07:57 INFO     >> Test accuracy: 0.622600
11-08 07:58 INFO     Epoch: 1 Loss: 0.133192
11-08 08:00 INFO     Epoch: 2 Loss: 0.180330
11-08 08:01 INFO     Epoch: 3 Loss: 0.187919
11-08 08:02 INFO     Epoch: 4 Loss: 0.202180
11-08 08:03 INFO     >> Training accuracy: 0.948718
11-08 08:03 INFO     >> Test accuracy: 0.582800
11-08 08:03 INFO      ** Training complete **
11-08 08:03 INFO     net 0 final test acc 0.582800
11-08 08:03 INFO     Training network 1. n_training: 25000
11-08 08:03 INFO     Training network 1
11-08 08:03 INFO     n_training: 390
11-08 08:03 INFO     n_test: 313
11-08 08:04 INFO     >> Pre-Training Training accuracy: 0.9870192307692308
11-08 08:04 INFO     >> Pre-Training Test accuracy: 0.661
11-08 08:06 INFO     Epoch: 0 Loss: 0.097123
11-08 08:07 INFO     >> Training accuracy: 0.978966
11-08 08:07 INFO     >> Test accuracy: 0.627100
11-08 08:08 INFO     Epoch: 1 Loss: 0.153423
11-08 08:09 INFO     Epoch: 2 Loss: 0.163118
11-08 08:10 INFO     Epoch: 3 Loss: 0.177650
11-08 08:11 INFO     Epoch: 4 Loss: 0.201961
11-08 08:12 INFO     >> Training accuracy: 0.952724
11-08 08:12 INFO     >> Test accuracy: 0.596900
11-08 08:12 INFO      ** Training complete **
11-08 08:12 INFO     net 1 final test acc 0.596900
11-08 08:12 INFO     global n_test: 313
11-08 08:14 INFO     >> Global Model Train accuracy: 0.984755
11-08 08:14 INFO     >> Global Model Test accuracy: 0.655700
11-08 08:14 INFO     >> Global Model Train loss: 0.046722
11-08 08:14 INFO     in comm round:48
11-08 08:14 INFO     Training network 0. n_training: 25000
11-08 08:14 INFO     Training network 0
11-08 08:14 INFO     n_training: 390
11-08 08:14 INFO     n_test: 313
11-08 08:15 INFO     >> Pre-Training Training accuracy: 0.9860576923076924
11-08 08:15 INFO     >> Pre-Training Test accuracy: 0.6557
11-08 08:16 INFO     Epoch: 0 Loss: 0.100123
11-08 08:18 INFO     >> Training accuracy: 0.981571
11-08 08:18 INFO     >> Test accuracy: 0.629600
11-08 08:19 INFO     Epoch: 1 Loss: 0.135680
11-08 08:20 INFO     Epoch: 2 Loss: 0.169608
11-08 08:21 INFO     Epoch: 3 Loss: 0.177914
11-08 08:23 INFO     Epoch: 4 Loss: 0.211718
11-08 08:24 INFO     >> Training accuracy: 0.955168
11-08 08:24 INFO     >> Test accuracy: 0.601800
11-08 08:24 INFO      ** Training complete **
11-08 08:24 INFO     net 0 final test acc 0.601800
11-08 08:24 INFO     Training network 1. n_training: 25000
11-08 08:24 INFO     Training network 1
11-08 08:24 INFO     n_training: 390
11-08 08:24 INFO     n_test: 313
11-08 08:25 INFO     >> Pre-Training Training accuracy: 0.9829727564102564
11-08 08:25 INFO     >> Pre-Training Test accuracy: 0.6557
11-08 08:26 INFO     Epoch: 0 Loss: 0.097872
11-08 08:27 INFO     >> Training accuracy: 0.980088
11-08 08:27 INFO     >> Test accuracy: 0.629200
11-08 08:29 INFO     Epoch: 1 Loss: 0.125924
11-08 08:29 INFO     Epoch: 2 Loss: 0.161844
11-08 08:30 INFO     Epoch: 3 Loss: 0.199840
11-08 08:32 INFO     Epoch: 4 Loss: 0.204512
11-08 08:33 INFO     >> Training accuracy: 0.954447
11-08 08:33 INFO     >> Test accuracy: 0.585100
11-08 08:33 INFO      ** Training complete **
11-08 08:33 INFO     net 1 final test acc 0.585100
11-08 08:33 INFO     global n_test: 313
11-08 08:34 INFO     >> Global Model Train accuracy: 0.986336
11-08 08:34 INFO     >> Global Model Test accuracy: 0.655800
11-08 08:34 INFO     >> Global Model Train loss: 0.044626
11-08 08:35 INFO     in comm round:49
11-08 08:35 INFO     Training network 0. n_training: 25000
11-08 08:35 INFO     Training network 0
11-08 08:35 INFO     n_training: 390
11-08 08:35 INFO     n_test: 313
11-08 08:36 INFO     >> Pre-Training Training accuracy: 0.9854967948717949
11-08 08:36 INFO     >> Pre-Training Test accuracy: 0.6558
11-08 08:37 INFO     Epoch: 0 Loss: 0.096323
11-08 08:38 INFO     >> Training accuracy: 0.977003
11-08 08:38 INFO     >> Test accuracy: 0.620400
11-08 08:39 INFO     Epoch: 1 Loss: 0.127053
11-08 08:41 INFO     Epoch: 2 Loss: 0.141469
11-08 08:42 INFO     Epoch: 3 Loss: 0.176596
11-08 08:43 INFO     Epoch: 4 Loss: 0.194597
11-08 08:44 INFO     >> Training accuracy: 0.956731
11-08 08:44 INFO     >> Test accuracy: 0.597900
11-08 08:44 INFO      ** Training complete **
11-08 08:44 INFO     net 0 final test acc 0.597900
11-08 08:44 INFO     Training network 1. n_training: 25000
11-08 08:44 INFO     Training network 1
11-08 08:44 INFO     n_training: 390
11-08 08:44 INFO     n_test: 313
11-08 08:45 INFO     >> Pre-Training Training accuracy: 0.9861778846153846
11-08 08:45 INFO     >> Pre-Training Test accuracy: 0.6558
11-08 08:47 INFO     Epoch: 0 Loss: 0.096492
11-08 08:48 INFO     >> Training accuracy: 0.974439
11-08 08:48 INFO     >> Test accuracy: 0.618100
11-08 08:49 INFO     Epoch: 1 Loss: 0.125658
11-08 08:50 INFO     Epoch: 2 Loss: 0.155314
11-08 08:51 INFO     Epoch: 3 Loss: 0.177747
11-08 08:52 INFO     Epoch: 4 Loss: 0.182930
11-08 08:53 INFO     >> Training accuracy: 0.962179
11-08 08:53 INFO     >> Test accuracy: 0.599900
11-08 08:53 INFO      ** Training complete **
11-08 08:53 INFO     net 1 final test acc 0.599900
11-08 08:53 INFO     global n_test: 313
11-08 08:55 INFO     >> Global Model Train accuracy: 0.986996
11-08 08:55 INFO     >> Global Model Test accuracy: 0.656600
11-08 08:55 INFO     >> Global Model Train loss: 0.040273
